<testsuites id="" name="" tests="18" failures="4" skipped="0" errors="0" time="126.86755">
<testsuite name="admin/navigation.spec.ts" timestamp="2026-02-17T02:28:22.662Z" hostname="chromium" tests="18" failures="4" skipped="0" time="108.087" errors="0">
<testcase name="Admin Navigation › Admin Sidebar Navigation › should display all main navigation tabs" classname="admin/navigation.spec.ts" time="1.079">
</testcase>
<testcase name="Admin Navigation › Admin Sidebar Navigation › should expand tabs to show sub-items" classname="admin/navigation.spec.ts" time="1.292">
</testcase>
<testcase name="Admin Navigation › Admin Sidebar Navigation › should navigate to sub-items and load pages correctly" classname="admin/navigation.spec.ts" time="23.823">
<failure message="navigation.spec.ts:62:9 should navigate to sub-items and load pages correctly" type="FAILURE">
<![CDATA[  [chromium] › admin/navigation.spec.ts:62:9 › Admin Navigation › Admin Sidebar Navigation › should navigate to sub-items and load pages correctly 

    Error: expect(locator).toBeVisible() failed

    Locator: locator('h1, h2').filter({ hasText: /activities/i }).first()
    Expected: visible
    Timeout: 10000ms
    Error: element(s) not found

    Call log:
      - Expect "toBeVisible" with timeout 10000ms
      - waiting for locator('h1, h2').filter({ hasText: /activities/i }).first()


      65 |       await page.getByRole('link', { name: 'Activities' }).click();
      66 |       await page.waitForURL('/admin/activities');
    > 67 |       await expect(page.locator('h1, h2').filter({ hasText: /activities/i }).first()).toBeVisible();
         |                                                                                       ^
      68 |
      69 |       // Navigate to Budget
      70 |       await page.getByRole('button', { name: 'Logistics' }).click();
        at /Users/jaron/Desktop/wedding-platform-v2/__tests__/e2e/admin/navigation.spec.ts:67:87

    attachment #1: screenshot (image/png) ──────────────────────────────────────────────────────────
    ../../test-results/admin-navigation-Admin-Nav-a7807-ms-and-load-pages-correctly-chromium/test-failed-1.png
    ────────────────────────────────────────────────────────────────────────────────────────────────

    attachment #2: video (video/webm) ──────────────────────────────────────────────────────────────
    ../../test-results/admin-navigation-Admin-Nav-a7807-ms-and-load-pages-correctly-chromium/video.webm
    ────────────────────────────────────────────────────────────────────────────────────────────────

    Error Context: ../../test-results/admin-navigation-Admin-Nav-a7807-ms-and-load-pages-correctly-chromium/error-context.md

    Retry #1 ───────────────────────────────────────────────────────────────────────────────────────

    Error: expect(locator).toBeVisible() failed

    Locator: locator('h1, h2').filter({ hasText: /activities/i }).first()
    Expected: visible
    Timeout: 10000ms
    Error: element(s) not found

    Call log:
      - Expect "toBeVisible" with timeout 10000ms
      - waiting for locator('h1, h2').filter({ hasText: /activities/i }).first()


      65 |       await page.getByRole('link', { name: 'Activities' }).click();
      66 |       await page.waitForURL('/admin/activities');
    > 67 |       await expect(page.locator('h1, h2').filter({ hasText: /activities/i }).first()).toBeVisible();
         |                                                                                       ^
      68 |
      69 |       // Navigate to Budget
      70 |       await page.getByRole('button', { name: 'Logistics' }).click();
        at /Users/jaron/Desktop/wedding-platform-v2/__tests__/e2e/admin/navigation.spec.ts:67:87

    attachment #1: screenshot (image/png) ──────────────────────────────────────────────────────────
    ../../test-results/admin-navigation-Admin-Nav-a7807-ms-and-load-pages-correctly-chromium-retry1/test-failed-1.png
    ────────────────────────────────────────────────────────────────────────────────────────────────

    attachment #2: video (video/webm) ──────────────────────────────────────────────────────────────
    ../../test-results/admin-navigation-Admin-Nav-a7807-ms-and-load-pages-correctly-chromium-retry1/video.webm
    ────────────────────────────────────────────────────────────────────────────────────────────────

    Error Context: ../../test-results/admin-navigation-Admin-Nav-a7807-ms-and-load-pages-correctly-chromium-retry1/error-context.md

    attachment #4: trace (application/zip) ─────────────────────────────────────────────────────────
    ../../test-results/admin-navigation-Admin-Nav-a7807-ms-and-load-pages-correctly-chromium-retry1/trace.zip
    Usage:

        npx playwright show-trace ../../test-results/admin-navigation-Admin-Nav-a7807-ms-and-load-pages-correctly-chromium-retry1/trace.zip

    ────────────────────────────────────────────────────────────────────────────────────────────────
]]>
</failure>
<system-out>
<![CDATA[
[[ATTACHMENT|admin-navigation-Admin-Nav-a7807-ms-and-load-pages-correctly-chromium/test-failed-1.png]]

[[ATTACHMENT|admin-navigation-Admin-Nav-a7807-ms-and-load-pages-correctly-chromium/video.webm]]

[[ATTACHMENT|admin-navigation-Admin-Nav-a7807-ms-and-load-pages-correctly-chromium/error-context.md]]

[[ATTACHMENT|admin-navigation-Admin-Nav-a7807-ms-and-load-pages-correctly-chromium-retry1/test-failed-1.png]]

[[ATTACHMENT|admin-navigation-Admin-Nav-a7807-ms-and-load-pages-correctly-chromium-retry1/video.webm]]

[[ATTACHMENT|admin-navigation-Admin-Nav-a7807-ms-and-load-pages-correctly-chromium-retry1/error-context.md]]

[[ATTACHMENT|admin-navigation-Admin-Nav-a7807-ms-and-load-pages-correctly-chromium-retry1/trace.zip]]
]]>
</system-out>
</testcase>
<testcase name="Admin Navigation › Admin Sidebar Navigation › should highlight active tab and sub-item" classname="admin/navigation.spec.ts" time="1.665">
</testcase>
<testcase name="Admin Navigation › Admin Sidebar Navigation › should navigate through all tabs and verify sub-items" classname="admin/navigation.spec.ts" time="1.826">
</testcase>
<testcase name="Admin Navigation › Admin Sidebar Navigation › should have sticky navigation with glassmorphism effect" classname="admin/navigation.spec.ts" time="25.143">
<failure message="navigation.spec.ts:132:9 should have sticky navigation with glassmorphism effect" type="FAILURE">
<![CDATA[  [chromium] › admin/navigation.spec.ts:132:9 › Admin Navigation › Admin Sidebar Navigation › should have sticky navigation with glassmorphism effect 

    Error: expect(locator).toBeInViewport() failed

    Locator:  getByRole('navigation', { name: 'Main navigation' })
    Expected: in viewport
    Received: viewport ratio 0
    Timeout:  10000ms

    Call log:
      - Expect "toBeInViewport" with timeout 10000ms
      - waiting for getByRole('navigation', { name: 'Main navigation' })
        14 × locator resolved to <nav role="navigation" aria-label="Main navigation" class="sticky top-0 z-50 bg-white/90 backdrop-blur-md border-b border-sage-200 shadow-sm overflow-x-hidden ">…</nav>
           - unexpected value "viewport ratio 0"


      150 |       await page.evaluate(() => window.scrollTo(0, 500));
      151 |       await page.waitForTimeout(100); // Wait for scroll to complete
    > 152 |       await expect(nav).toBeInViewport();
          |                         ^
      153 |     });
      154 |   });
      155 |
        at /Users/jaron/Desktop/wedding-platform-v2/__tests__/e2e/admin/navigation.spec.ts:152:25

    attachment #1: screenshot (image/png) ──────────────────────────────────────────────────────────
    ../../test-results/admin-navigation-Admin-Nav-0bf1d-n-with-glassmorphism-effect-chromium/test-failed-1.png
    ────────────────────────────────────────────────────────────────────────────────────────────────

    attachment #2: video (video/webm) ──────────────────────────────────────────────────────────────
    ../../test-results/admin-navigation-Admin-Nav-0bf1d-n-with-glassmorphism-effect-chromium/video.webm
    ────────────────────────────────────────────────────────────────────────────────────────────────

    Error Context: ../../test-results/admin-navigation-Admin-Nav-0bf1d-n-with-glassmorphism-effect-chromium/error-context.md

    Retry #1 ───────────────────────────────────────────────────────────────────────────────────────

    Error: expect(locator).toBeInViewport() failed

    Locator:  getByRole('navigation', { name: 'Main navigation' })
    Expected: in viewport
    Received: viewport ratio 0
    Timeout:  10000ms

    Call log:
      - Expect "toBeInViewport" with timeout 10000ms
      - waiting for getByRole('navigation', { name: 'Main navigation' })
        14 × locator resolved to <nav role="navigation" aria-label="Main navigation" class="sticky top-0 z-50 bg-white/90 backdrop-blur-md border-b border-sage-200 shadow-sm overflow-x-hidden ">…</nav>
           - unexpected value "viewport ratio 0"


      150 |       await page.evaluate(() => window.scrollTo(0, 500));
      151 |       await page.waitForTimeout(100); // Wait for scroll to complete
    > 152 |       await expect(nav).toBeInViewport();
          |                         ^
      153 |     });
      154 |   });
      155 |
        at /Users/jaron/Desktop/wedding-platform-v2/__tests__/e2e/admin/navigation.spec.ts:152:25

    attachment #1: screenshot (image/png) ──────────────────────────────────────────────────────────
    ../../test-results/admin-navigation-Admin-Nav-0bf1d-n-with-glassmorphism-effect-chromium-retry1/test-failed-1.png
    ────────────────────────────────────────────────────────────────────────────────────────────────

    attachment #2: video (video/webm) ──────────────────────────────────────────────────────────────
    ../../test-results/admin-navigation-Admin-Nav-0bf1d-n-with-glassmorphism-effect-chromium-retry1/video.webm
    ────────────────────────────────────────────────────────────────────────────────────────────────

    Error Context: ../../test-results/admin-navigation-Admin-Nav-0bf1d-n-with-glassmorphism-effect-chromium-retry1/error-context.md

    attachment #4: trace (application/zip) ─────────────────────────────────────────────────────────
    ../../test-results/admin-navigation-Admin-Nav-0bf1d-n-with-glassmorphism-effect-chromium-retry1/trace.zip
    Usage:

        npx playwright show-trace ../../test-results/admin-navigation-Admin-Nav-0bf1d-n-with-glassmorphism-effect-chromium-retry1/trace.zip

    ────────────────────────────────────────────────────────────────────────────────────────────────
]]>
</failure>
<system-out>
<![CDATA[
[[ATTACHMENT|admin-navigation-Admin-Nav-0bf1d-n-with-glassmorphism-effect-chromium/test-failed-1.png]]

[[ATTACHMENT|admin-navigation-Admin-Nav-0bf1d-n-with-glassmorphism-effect-chromium/video.webm]]

[[ATTACHMENT|admin-navigation-Admin-Nav-0bf1d-n-with-glassmorphism-effect-chromium/error-context.md]]

[[ATTACHMENT|admin-navigation-Admin-Nav-0bf1d-n-with-glassmorphism-effect-chromium-retry1/test-failed-1.png]]

[[ATTACHMENT|admin-navigation-Admin-Nav-0bf1d-n-with-glassmorphism-effect-chromium-retry1/video.webm]]

[[ATTACHMENT|admin-navigation-Admin-Nav-0bf1d-n-with-glassmorphism-effect-chromium-retry1/error-context.md]]

[[ATTACHMENT|admin-navigation-Admin-Nav-0bf1d-n-with-glassmorphism-effect-chromium-retry1/trace.zip]]
]]>
</system-out>
</testcase>
<testcase name="Admin Navigation › Top Navigation Bar › should display top navigation with proper ARIA labels" classname="admin/navigation.spec.ts" time="1.461">
</testcase>
<testcase name="Admin Navigation › Top Navigation Bar › should support keyboard navigation" classname="admin/navigation.spec.ts" time="23.73">
<failure message="navigation.spec.ts:161:9 should support keyboard navigation" type="FAILURE">
<![CDATA[  [chromium] › admin/navigation.spec.ts:161:9 › Admin Navigation › Top Navigation Bar › should support keyboard navigation 

    Error: expect(locator).toBeFocused() failed

    Locator:  getByRole('link', { name: /admin/i })
    Expected: focused
    Received: inactive
    Timeout:  10000ms

    Call log:
      - Expect "toBeFocused" with timeout 10000ms
      - waiting for getByRole('link', { name: /admin/i })
        14 × locator resolved to <a href="/admin" class="flex items-center gap-2 px-4 py-2 hover:bg-sage-50 rounded-lg transition-colors mr-4">…</a>
           - unexpected value "inactive"


      166 |         return focused === 'A' || focused === 'BUTTON';
      167 |       }, 5000);
    > 168 |       await expect(page.getByRole('link', { name: /admin/i })).toBeFocused();
          |                                                                ^
      169 |
      170 |       // Tab to Content tab
      171 |       await page.keyboard.press('Tab');
        at /Users/jaron/Desktop/wedding-platform-v2/__tests__/e2e/admin/navigation.spec.ts:168:64

    attachment #1: screenshot (image/png) ──────────────────────────────────────────────────────────
    ../../test-results/admin-navigation-Admin-Nav-699e7-support-keyboard-navigation-chromium/test-failed-1.png
    ────────────────────────────────────────────────────────────────────────────────────────────────

    attachment #2: video (video/webm) ──────────────────────────────────────────────────────────────
    ../../test-results/admin-navigation-Admin-Nav-699e7-support-keyboard-navigation-chromium/video.webm
    ────────────────────────────────────────────────────────────────────────────────────────────────

    Error Context: ../../test-results/admin-navigation-Admin-Nav-699e7-support-keyboard-navigation-chromium/error-context.md

    Retry #1 ───────────────────────────────────────────────────────────────────────────────────────

    Error: expect(locator).toBeFocused() failed

    Locator:  getByRole('link', { name: /admin/i })
    Expected: focused
    Received: inactive
    Timeout:  10000ms

    Call log:
      - Expect "toBeFocused" with timeout 10000ms
      - waiting for getByRole('link', { name: /admin/i })
        14 × locator resolved to <a href="/admin" class="flex items-center gap-2 px-4 py-2 hover:bg-sage-50 rounded-lg transition-colors mr-4">…</a>
           - unexpected value "inactive"


      166 |         return focused === 'A' || focused === 'BUTTON';
      167 |       }, 5000);
    > 168 |       await expect(page.getByRole('link', { name: /admin/i })).toBeFocused();
          |                                                                ^
      169 |
      170 |       // Tab to Content tab
      171 |       await page.keyboard.press('Tab');
        at /Users/jaron/Desktop/wedding-platform-v2/__tests__/e2e/admin/navigation.spec.ts:168:64

    attachment #1: screenshot (image/png) ──────────────────────────────────────────────────────────
    ../../test-results/admin-navigation-Admin-Nav-699e7-support-keyboard-navigation-chromium-retry1/test-failed-1.png
    ────────────────────────────────────────────────────────────────────────────────────────────────

    attachment #2: video (video/webm) ──────────────────────────────────────────────────────────────
    ../../test-results/admin-navigation-Admin-Nav-699e7-support-keyboard-navigation-chromium-retry1/video.webm
    ────────────────────────────────────────────────────────────────────────────────────────────────

    Error Context: ../../test-results/admin-navigation-Admin-Nav-699e7-support-keyboard-navigation-chromium-retry1/error-context.md

    attachment #4: trace (application/zip) ─────────────────────────────────────────────────────────
    ../../test-results/admin-navigation-Admin-Nav-699e7-support-keyboard-navigation-chromium-retry1/trace.zip
    Usage:

        npx playwright show-trace ../../test-results/admin-navigation-Admin-Nav-699e7-support-keyboard-navigation-chromium-retry1/trace.zip

    ────────────────────────────────────────────────────────────────────────────────────────────────
]]>
</failure>
<system-out>
<![CDATA[
[[ATTACHMENT|admin-navigation-Admin-Nav-699e7-support-keyboard-navigation-chromium/test-failed-1.png]]

[[ATTACHMENT|admin-navigation-Admin-Nav-699e7-support-keyboard-navigation-chromium/video.webm]]

[[ATTACHMENT|admin-navigation-Admin-Nav-699e7-support-keyboard-navigation-chromium/error-context.md]]

[[ATTACHMENT|admin-navigation-Admin-Nav-699e7-support-keyboard-navigation-chromium-retry1/test-failed-1.png]]

[[ATTACHMENT|admin-navigation-Admin-Nav-699e7-support-keyboard-navigation-chromium-retry1/video.webm]]

[[ATTACHMENT|admin-navigation-Admin-Nav-699e7-support-keyboard-navigation-chromium-retry1/error-context.md]]

[[ATTACHMENT|admin-navigation-Admin-Nav-699e7-support-keyboard-navigation-chromium-retry1/trace.zip]]
]]>
</system-out>
</testcase>
<testcase name="Admin Navigation › Top Navigation Bar › should mark active elements with aria-current" classname="admin/navigation.spec.ts" time="1.919">
</testcase>
<testcase name="Admin Navigation › Top Navigation Bar › should handle browser back navigation" classname="admin/navigation.spec.ts" time="5.14">
</testcase>
<testcase name="Admin Navigation › Top Navigation Bar › should handle browser forward navigation" classname="admin/navigation.spec.ts" time="3.744">
</testcase>
<testcase name="Admin Navigation › Top Navigation Bar › should use emerald color scheme for active elements" classname="admin/navigation.spec.ts" time="1.278">
</testcase>
<testcase name="Admin Navigation › Mobile Navigation › should display hamburger menu and hide desktop tabs" classname="admin/navigation.spec.ts" time="1.122">
</testcase>
<testcase name="Admin Navigation › Mobile Navigation › should open and close mobile menu" classname="admin/navigation.spec.ts" time="3.282">
<failure message="navigation.spec.ts:286:9 should open and close mobile menu" type="FAILURE">
<![CDATA[  [chromium] › admin/navigation.spec.ts:286:9 › Admin Navigation › Mobile Navigation › should open and close mobile menu 

    Error: expect(locator).toBeVisible() failed

    Locator: getByText('Content')
    Expected: visible
    Error: strict mode violation: getByText('Content') resolved to 3 elements:
        1) <a href="#main-content" class="skip-to-main">Skip to main content</a> aka getByRole('link', { name: 'Skip to main content' }).first()
        2) <a href="#main-content" class="sr-only focus:not-sr-only focus:absolute focus:top-4 focus:left-4 focus:z-50 focus:px-6 focus:py-3 focus:bg-jungle-500 focus:text-white focus:rounded-lg focus:shadow-lg focus:outline-none focus:ring-2 focus:ring-jungle-600 focus:ring-offset-2 transition-all">Skip to main content</a> aka getByRole('link', { name: 'Skip to main content' }).nth(1)
        3) <span class="flex-1 text-left">Content</span> aka getByRole('button', { name: 'Content' })

    Call log:
      - Expect "toBeVisible" with timeout 10000ms
      - waiting for getByText('Content')


      290 |
      291 |       // Verify all tabs are visible
    > 292 |       await expect(page.getByText('Content')).toBeVisible();
          |                                               ^
      293 |       await expect(page.getByText('Guests')).toBeVisible();
      294 |       await expect(page.getByText('RSVPs')).toBeVisible();
      295 |       await expect(page.getByText('Logistics')).toBeVisible();
        at /Users/jaron/Desktop/wedding-platform-v2/__tests__/e2e/admin/navigation.spec.ts:292:47

    attachment #1: screenshot (image/png) ──────────────────────────────────────────────────────────
    ../../test-results/admin-navigation-Admin-Nav-a1ec4--open-and-close-mobile-menu-chromium/test-failed-1.png
    ────────────────────────────────────────────────────────────────────────────────────────────────

    attachment #2: video (video/webm) ──────────────────────────────────────────────────────────────
    ../../test-results/admin-navigation-Admin-Nav-a1ec4--open-and-close-mobile-menu-chromium/video.webm
    ────────────────────────────────────────────────────────────────────────────────────────────────

    Error Context: ../../test-results/admin-navigation-Admin-Nav-a1ec4--open-and-close-mobile-menu-chromium/error-context.md

    Retry #1 ───────────────────────────────────────────────────────────────────────────────────────

    Error: expect(locator).toBeVisible() failed

    Locator: getByText('Content')
    Expected: visible
    Error: strict mode violation: getByText('Content') resolved to 3 elements:
        1) <a href="#main-content" class="skip-to-main">Skip to main content</a> aka getByRole('link', { name: 'Skip to main content' }).first()
        2) <a href="#main-content" class="sr-only focus:not-sr-only focus:absolute focus:top-4 focus:left-4 focus:z-50 focus:px-6 focus:py-3 focus:bg-jungle-500 focus:text-white focus:rounded-lg focus:shadow-lg focus:outline-none focus:ring-2 focus:ring-jungle-600 focus:ring-offset-2 transition-all">Skip to main content</a> aka getByRole('link', { name: 'Skip to main content' }).nth(1)
        3) <span class="flex-1 text-left">Content</span> aka getByRole('button', { name: 'Content' })

    Call log:
      - Expect "toBeVisible" with timeout 10000ms
      - waiting for getByText('Content')


      290 |
      291 |       // Verify all tabs are visible
    > 292 |       await expect(page.getByText('Content')).toBeVisible();
          |                                               ^
      293 |       await expect(page.getByText('Guests')).toBeVisible();
      294 |       await expect(page.getByText('RSVPs')).toBeVisible();
      295 |       await expect(page.getByText('Logistics')).toBeVisible();
        at /Users/jaron/Desktop/wedding-platform-v2/__tests__/e2e/admin/navigation.spec.ts:292:47

    attachment #1: screenshot (image/png) ──────────────────────────────────────────────────────────
    ../../test-results/admin-navigation-Admin-Nav-a1ec4--open-and-close-mobile-menu-chromium-retry1/test-failed-1.png
    ────────────────────────────────────────────────────────────────────────────────────────────────

    attachment #2: video (video/webm) ──────────────────────────────────────────────────────────────
    ../../test-results/admin-navigation-Admin-Nav-a1ec4--open-and-close-mobile-menu-chromium-retry1/video.webm
    ────────────────────────────────────────────────────────────────────────────────────────────────

    Error Context: ../../test-results/admin-navigation-Admin-Nav-a1ec4--open-and-close-mobile-menu-chromium-retry1/error-context.md

    attachment #4: trace (application/zip) ─────────────────────────────────────────────────────────
    ../../test-results/admin-navigation-Admin-Nav-a1ec4--open-and-close-mobile-menu-chromium-retry1/trace.zip
    Usage:

        npx playwright show-trace ../../test-results/admin-navigation-Admin-Nav-a1ec4--open-and-close-mobile-menu-chromium-retry1/trace.zip

    ────────────────────────────────────────────────────────────────────────────────────────────────
]]>
</failure>
<system-out>
<![CDATA[
[[ATTACHMENT|admin-navigation-Admin-Nav-a1ec4--open-and-close-mobile-menu-chromium/test-failed-1.png]]

[[ATTACHMENT|admin-navigation-Admin-Nav-a1ec4--open-and-close-mobile-menu-chromium/video.webm]]

[[ATTACHMENT|admin-navigation-Admin-Nav-a1ec4--open-and-close-mobile-menu-chromium/error-context.md]]

[[ATTACHMENT|admin-navigation-Admin-Nav-a1ec4--open-and-close-mobile-menu-chromium-retry1/test-failed-1.png]]

[[ATTACHMENT|admin-navigation-Admin-Nav-a1ec4--open-and-close-mobile-menu-chromium-retry1/video.webm]]

[[ATTACHMENT|admin-navigation-Admin-Nav-a1ec4--open-and-close-mobile-menu-chromium-retry1/error-context.md]]

[[ATTACHMENT|admin-navigation-Admin-Nav-a1ec4--open-and-close-mobile-menu-chromium-retry1/trace.zip]]
]]>
</system-out>
</testcase>
<testcase name="Admin Navigation › Mobile Navigation › should expand tabs and navigate in mobile menu" classname="admin/navigation.spec.ts" time="2.009">
</testcase>
<testcase name="Admin Navigation › Mobile Navigation › should have minimum 44px touch targets" classname="admin/navigation.spec.ts" time="1.287">
</testcase>
<testcase name="Admin Navigation › Navigation State Persistence › should persist navigation state across page refreshes" classname="admin/navigation.spec.ts" time="6.192">
</testcase>
<testcase name="Admin Navigation › Navigation State Persistence › should persist state in mobile menu" classname="admin/navigation.spec.ts" time="2.095">
</testcase>
</testsuite>
</testsuites>