
> destination-wedding-platform@0.1.0 test:types
> tsc --noEmit

__tests__/accessibility/admin-components.accessibility.test.tsx(16,41): error TS7016: Could not find a declaration file for module 'jest-axe'. '/Users/jaron/Desktop/wedding-platform-v2/node_modules/jest-axe/index.js' implicitly has an 'any' type.
  Try `npm i --save-dev @types/jest-axe` if it exists or add a new declaration (.d.ts) file containing `declare module 'jest-axe';`
__tests__/accessibility/admin-components.accessibility.test.tsx(22,10): error TS2614: Module '"@/components/admin/BudgetDashboard"' has no exported member 'BudgetDashboard'. Did you mean to use 'import BudgetDashboard from "@/components/admin/BudgetDashboard"' instead?
__tests__/accessibility/admin-components.accessibility.test.tsx(24,10): error TS2614: Module '"@/components/admin/SettingsForm"' has no exported member 'SettingsForm'. Did you mean to use 'import SettingsForm from "@/components/admin/SettingsForm"' instead?
__tests__/accessibility/admin-components.accessibility.test.tsx(83,28): error TS2322: Type '{ groups: ({ id: string; label: string; icon: string; items: { id: string; label: string; href: string; }[]; badge?: undefined; } | { id: string; label: string; icon: string; items: { id: string; label: string; href: string; }[]; badge: number; })[]; activeItem: string; }' is not assignable to type 'IntrinsicAttributes & GroupedNavigationProps'.
  Property 'groups' does not exist on type 'IntrinsicAttributes & GroupedNavigationProps'.
__tests__/accessibility/admin-components.accessibility.test.tsx(87,23): error TS2339: Property 'toHaveNoViolations' does not exist on type 'JestMatchers<any>'.
__tests__/accessibility/admin-components.accessibility.test.tsx(92,28): error TS2322: Type '{ groups: ({ id: string; label: string; icon: string; items: { id: string; label: string; href: string; }[]; badge?: undefined; } | { id: string; label: string; icon: string; items: { id: string; label: string; href: string; }[]; badge: number; })[]; activeItem: string; }' is not assignable to type 'IntrinsicAttributes & GroupedNavigationProps'.
  Property 'groups' does not exist on type 'IntrinsicAttributes & GroupedNavigationProps'.
__tests__/accessibility/admin-components.accessibility.test.tsx(96,23): error TS2339: Property 'toHaveNoViolations' does not exist on type 'JestMatchers<any>'.
__tests__/accessibility/admin-components.accessibility.test.tsx(101,28): error TS2322: Type '{ groups: ({ id: string; label: string; icon: string; items: { id: string; label: string; href: string; }[]; badge?: undefined; } | { id: string; label: string; icon: string; items: { id: string; label: string; href: string; }[]; badge: number; })[]; activeItem: string; }' is not assignable to type 'IntrinsicAttributes & GroupedNavigationProps'.
  Property 'groups' does not exist on type 'IntrinsicAttributes & GroupedNavigationProps'.
__tests__/accessibility/admin-components.accessibility.test.tsx(105,23): error TS2339: Property 'toHaveNoViolations' does not exist on type 'JestMatchers<any>'.
__tests__/accessibility/admin-components.accessibility.test.tsx(143,23): error TS2339: Property 'toHaveNoViolations' does not exist on type 'JestMatchers<any>'.
__tests__/accessibility/admin-components.accessibility.test.tsx(159,23): error TS2339: Property 'toHaveNoViolations' does not exist on type 'JestMatchers<any>'.
__tests__/accessibility/admin-components.accessibility.test.tsx(175,23): error TS2339: Property 'toHaveNoViolations' does not exist on type 'JestMatchers<any>'.
__tests__/accessibility/admin-components.accessibility.test.tsx(201,11): error TS2322: Type '{ value: string; onChange: () => void; locations: { id: string; name: string; parent_location_id: null; children: { id: string; name: string; parent_location_id: string; children: never[]; }[]; }[]; }' is not assignable to type 'IntrinsicAttributes & LocationSelectorProps'.
  Property 'locations' does not exist on type 'IntrinsicAttributes & LocationSelectorProps'.
__tests__/accessibility/admin-components.accessibility.test.tsx(206,23): error TS2339: Property 'toHaveNoViolations' does not exist on type 'JestMatchers<any>'.
__tests__/accessibility/admin-components.accessibility.test.tsx(214,11): error TS2322: Type '{ value: string; onChange: () => void; locations: { id: string; name: string; parent_location_id: null; children: { id: string; name: string; parent_location_id: string; children: never[]; }[]; }[]; label: string; }' is not assignable to type 'IntrinsicAttributes & LocationSelectorProps'.
  Property 'locations' does not exist on type 'IntrinsicAttributes & LocationSelectorProps'.
__tests__/accessibility/admin-components.accessibility.test.tsx(220,23): error TS2339: Property 'toHaveNoViolations' does not exist on type 'JestMatchers<any>'.
__tests__/accessibility/admin-components.accessibility.test.tsx(235,23): error TS2339: Property 'toHaveNoViolations' does not exist on type 'JestMatchers<any>'.
__tests__/accessibility/admin-components.accessibility.test.tsx(248,23): error TS2339: Property 'toHaveNoViolations' does not exist on type 'JestMatchers<any>'.
__tests__/accessibility/admin-components.accessibility.test.tsx(271,11): error TS2322: Type '{ selectedPhotos: never[]; onSelect: () => void; availablePhotos: { id: string; url: string; caption: string; alt_text: string; }[]; }' is not assignable to type 'IntrinsicAttributes & PhotoPickerProps'.
  Property 'selectedPhotos' does not exist on type 'IntrinsicAttributes & PhotoPickerProps'. Did you mean 'selectedPhotoIds'?
__tests__/accessibility/admin-components.accessibility.test.tsx(278,23): error TS2339: Property 'toHaveNoViolations' does not exist on type 'JestMatchers<any>'.
__tests__/accessibility/admin-components.accessibility.test.tsx(284,11): error TS2322: Type '{ selectedPhotos: string[]; onSelect: () => void; availablePhotos: { id: string; url: string; caption: string; alt_text: string; }[]; }' is not assignable to type 'IntrinsicAttributes & PhotoPickerProps'.
  Property 'selectedPhotos' does not exist on type 'IntrinsicAttributes & PhotoPickerProps'. Did you mean 'selectedPhotoIds'?
__tests__/accessibility/admin-components.accessibility.test.tsx(291,23): error TS2339: Property 'toHaveNoViolations' does not exist on type 'JestMatchers<any>'.
__tests__/accessibility/admin-components.accessibility.test.tsx(300,23): error TS2339: Property 'toHaveNoViolations' does not exist on type 'JestMatchers<any>'.
__tests__/accessibility/admin-components.accessibility.test.tsx(312,23): error TS2339: Property 'toHaveNoViolations' does not exist on type 'JestMatchers<any>'.
__tests__/accessibility/admin-components.accessibility.test.tsx(318,37): error TS2739: Type '{}' is missing the following properties from type 'EmailComposerProps': isOpen, onClose, onSuccess
__tests__/accessibility/admin-components.accessibility.test.tsx(321,23): error TS2339: Property 'toHaveNoViolations' does not exist on type 'JestMatchers<any>'.
__tests__/accessibility/admin-components.accessibility.test.tsx(325,37): error TS2739: Type '{}' is missing the following properties from type 'EmailComposerProps': isOpen, onClose, onSuccess
__tests__/accessibility/admin-components.accessibility.test.tsx(333,23): error TS2339: Property 'toHaveNoViolations' does not exist on type 'JestMatchers<any>'.
__tests__/accessibility/admin-components.accessibility.test.tsx(342,23): error TS2339: Property 'toHaveNoViolations' does not exist on type 'JestMatchers<any>'.
__tests__/accessibility/admin-components.accessibility.test.tsx(354,23): error TS2339: Property 'toHaveNoViolations' does not exist on type 'JestMatchers<any>'.
__tests__/accessibility/admin-components.accessibility.test.tsx(371,23): error TS2339: Property 'toHaveNoViolations' does not exist on type 'JestMatchers<any>'.
__tests__/accessibility/admin-components.accessibility.test.tsx(386,23): error TS2339: Property 'toHaveNoViolations' does not exist on type 'JestMatchers<any>'.
__tests__/accessibility/admin-components.accessibility.test.tsx(401,23): error TS2339: Property 'toHaveNoViolations' does not exist on type 'JestMatchers<any>'.
__tests__/accessibility/admin-components.accessibility.test.tsx(418,23): error TS2339: Property 'toHaveNoViolations' does not exist on type 'JestMatchers<any>'.
__tests__/accessibility/admin-components.accessibility.test.tsx(441,23): error TS2339: Property 'toHaveNoViolations' does not exist on type 'JestMatchers<any>'.
__tests__/accessibility/admin-components.accessibility.test.tsx(457,23): error TS2339: Property 'toHaveNoViolations' does not exist on type 'JestMatchers<any>'.
__tests__/accessibility/admin-components.accessibility.test.tsx(470,23): error TS2339: Property 'toHaveNoViolations' does not exist on type 'JestMatchers<any>'.
__tests__/accessibility/admin-components.accessibility.test.tsx(488,23): error TS2339: Property 'toHaveNoViolations' does not exist on type 'JestMatchers<any>'.
__tests__/accessibility/admin-components.accessibility.test.tsx(509,23): error TS2339: Property 'toHaveNoViolations' does not exist on type 'JestMatchers<any>'.
__tests__/accessibility/admin-components.accessibility.test.tsx(536,23): error TS2339: Property 'toHaveNoViolations' does not exist on type 'JestMatchers<any>'.
__tests__/accessibility/admin-ui.accessibility.test.tsx(8,41): error TS7016: Could not find a declaration file for module 'jest-axe'. '/Users/jaron/Desktop/wedding-platform-v2/node_modules/jest-axe/index.js' implicitly has an 'any' type.
  Try `npm i --save-dev @types/jest-axe` if it exists or add a new declaration (.d.ts) file containing `declare module 'jest-axe';`
__tests__/accessibility/admin-ui.accessibility.test.tsx(36,23): error TS2339: Property 'toHaveNoViolations' does not exist on type 'JestMatchers<any>'.
__tests__/accessibility/admin-ui.accessibility.test.tsx(45,23): error TS2339: Property 'toHaveNoViolations' does not exist on type 'JestMatchers<any>'.
__tests__/accessibility/admin-ui.accessibility.test.tsx(54,23): error TS2339: Property 'toHaveNoViolations' does not exist on type 'JestMatchers<any>'.
__tests__/accessibility/admin-ui.accessibility.test.tsx(63,23): error TS2339: Property 'toHaveNoViolations' does not exist on type 'JestMatchers<any>'.
__tests__/accessibility/admin-ui.accessibility.test.tsx(72,23): error TS2339: Property 'toHaveNoViolations' does not exist on type 'JestMatchers<any>'.
__tests__/accessibility/admin-ui.accessibility.test.tsx(83,23): error TS2339: Property 'toHaveNoViolations' does not exist on type 'JestMatchers<any>'.
__tests__/accessibility/admin-ui.accessibility.test.tsx(104,23): error TS2339: Property 'toHaveNoViolations' does not exist on type 'JestMatchers<any>'.
__tests__/accessibility/admin-ui.accessibility.test.tsx(117,23): error TS2339: Property 'toHaveNoViolations' does not exist on type 'JestMatchers<any>'.
__tests__/accessibility/admin-ui.accessibility.test.tsx(133,23): error TS2339: Property 'toHaveNoViolations' does not exist on type 'JestMatchers<any>'.
__tests__/accessibility/admin-ui.accessibility.test.tsx(147,23): error TS2339: Property 'toHaveNoViolations' does not exist on type 'JestMatchers<any>'.
__tests__/accessibility/admin-ui.accessibility.test.tsx(161,23): error TS2339: Property 'toHaveNoViolations' does not exist on type 'JestMatchers<any>'.
__tests__/accessibility/admin-ui.accessibility.test.tsx(175,23): error TS2339: Property 'toHaveNoViolations' does not exist on type 'JestMatchers<any>'.
__tests__/accessibility/admin-ui.accessibility.test.tsx(189,23): error TS2339: Property 'toHaveNoViolations' does not exist on type 'JestMatchers<any>'.
__tests__/accessibility/admin-ui.accessibility.test.tsx(209,23): error TS2339: Property 'toHaveNoViolations' does not exist on type 'JestMatchers<any>'.
__tests__/accessibility/admin-ui.accessibility.test.tsx(224,23): error TS2339: Property 'toHaveNoViolations' does not exist on type 'JestMatchers<any>'.
__tests__/accessibility/admin-ui.accessibility.test.tsx(241,23): error TS2339: Property 'toHaveNoViolations' does not exist on type 'JestMatchers<any>'.
__tests__/accessibility/admin-ui.accessibility.test.tsx(256,23): error TS2339: Property 'toHaveNoViolations' does not exist on type 'JestMatchers<any>'.
__tests__/accessibility/admin-ui.accessibility.test.tsx(273,23): error TS2339: Property 'toHaveNoViolations' does not exist on type 'JestMatchers<any>'.
__tests__/accessibility/admin-ui.accessibility.test.tsx(288,23): error TS2339: Property 'toHaveNoViolations' does not exist on type 'JestMatchers<any>'.
__tests__/accessibility/admin-ui.accessibility.test.tsx(303,23): error TS2339: Property 'toHaveNoViolations' does not exist on type 'JestMatchers<any>'.
__tests__/accessibility/admin-ui.accessibility.test.tsx(318,23): error TS2339: Property 'toHaveNoViolations' does not exist on type 'JestMatchers<any>'.
__tests__/accessibility/admin-ui.accessibility.test.tsx(331,23): error TS2339: Property 'toHaveNoViolations' does not exist on type 'JestMatchers<any>'.
__tests__/accessibility/admin-ui.accessibility.test.tsx(343,23): error TS2339: Property 'toHaveNoViolations' does not exist on type 'JestMatchers<any>'.
__tests__/accessibility/admin-ui.accessibility.test.tsx(358,23): error TS2339: Property 'toHaveNoViolations' does not exist on type 'JestMatchers<any>'.
__tests__/accessibility/admin-ui.accessibility.test.tsx(374,23): error TS2339: Property 'toHaveNoViolations' does not exist on type 'JestMatchers<any>'.
__tests__/accessibility/admin-ui.accessibility.test.tsx(391,23): error TS2339: Property 'toHaveNoViolations' does not exist on type 'JestMatchers<any>'.
__tests__/accessibility/admin-ui.accessibility.test.tsx(406,23): error TS2339: Property 'toHaveNoViolations' does not exist on type 'JestMatchers<any>'.
__tests__/accessibility/axe.accessibility.test.tsx(15,41): error TS7016: Could not find a declaration file for module 'jest-axe'. '/Users/jaron/Desktop/wedding-platform-v2/node_modules/jest-axe/index.js' implicitly has an 'any' type.
  Try `npm i --save-dev @types/jest-axe` if it exists or add a new declaration (.d.ts) file containing `declare module 'jest-axe';`
__tests__/accessibility/axe.accessibility.test.tsx(92,23): error TS2339: Property 'toHaveNoViolations' does not exist on type 'JestMatchers<any>'.
__tests__/accessibility/axe.accessibility.test.tsx(111,23): error TS2339: Property 'toHaveNoViolations' does not exist on type 'JestMatchers<any>'.
__tests__/accessibility/axe.accessibility.test.tsx(128,23): error TS2339: Property 'toHaveNoViolations' does not exist on type 'JestMatchers<any>'.
__tests__/accessibility/axe.accessibility.test.tsx(150,23): error TS2339: Property 'toHaveNoViolations' does not exist on type 'JestMatchers<any>'.
__tests__/accessibility/axe.accessibility.test.tsx(175,37): error TS2741: Property 'guest' is missing in type '{}' but required in type 'GuestDashboardProps'.
__tests__/accessibility/axe.accessibility.test.tsx(177,23): error TS2339: Property 'toHaveNoViolations' does not exist on type 'JestMatchers<any>'.
__tests__/accessibility/axe.accessibility.test.tsx(181,37): error TS2741: Property 'guest' is missing in type '{}' but required in type 'RSVPManagerProps'.
__tests__/accessibility/axe.accessibility.test.tsx(183,23): error TS2339: Property 'toHaveNoViolations' does not exist on type 'JestMatchers<any>'.
__tests__/accessibility/axe.accessibility.test.tsx(187,37): error TS2739: Type '{}' is missing the following properties from type 'FamilyManagerProps': currentGuest, familyMembers
__tests__/accessibility/axe.accessibility.test.tsx(189,23): error TS2339: Property 'toHaveNoViolations' does not exist on type 'JestMatchers<any>'.
__tests__/accessibility/axe.accessibility.test.tsx(193,37): error TS2741: Property 'guest' is missing in type '{}' but required in type 'PhotoUploadProps'.
__tests__/accessibility/axe.accessibility.test.tsx(195,23): error TS2339: Property 'toHaveNoViolations' does not exist on type 'JestMatchers<any>'.
__tests__/accessibility/axe.accessibility.test.tsx(199,37): error TS2741: Property 'guest' is missing in type '{}' but required in type 'ItineraryViewerProps'.
__tests__/accessibility/axe.accessibility.test.tsx(201,23): error TS2339: Property 'toHaveNoViolations' does not exist on type 'JestMatchers<any>'.
__tests__/accessibility/axe.accessibility.test.tsx(205,37): error TS2739: Type '{}' is missing the following properties from type 'AccommodationViewerProps': guest, assignment
__tests__/accessibility/axe.accessibility.test.tsx(207,23): error TS2339: Property 'toHaveNoViolations' does not exist on type 'JestMatchers<any>'.
__tests__/accessibility/axe.accessibility.test.tsx(211,56): error TS2741: Property 'invitation_sent' is missing in type '{ id: string; first_name: string; last_name: string; email: string; age_type: "adult"; guest_type: "wedding_guest"; group_id: string; airport_code: string; flight_number: string; arrival_date: string; departure_date: string; created_at: string; updated_at: string; }' but required in type 'Guest'.
__tests__/accessibility/axe.accessibility.test.tsx(213,23): error TS2339: Property 'toHaveNoViolations' does not exist on type 'JestMatchers<any>'.
__tests__/accessibility/axe.accessibility.test.tsx(230,23): error TS2339: Property 'toHaveNoViolations' does not exist on type 'JestMatchers<any>'.
__tests__/accessibility/axe.accessibility.test.tsx(246,23): error TS2339: Property 'toHaveNoViolations' does not exist on type 'JestMatchers<any>'.
__tests__/accessibility/axe.accessibility.test.tsx(261,23): error TS2339: Property 'toHaveNoViolations' does not exist on type 'JestMatchers<any>'.
__tests__/accessibility/axe.accessibility.test.tsx(278,23): error TS2339: Property 'toHaveNoViolations' does not exist on type 'JestMatchers<any>'.
__tests__/accessibility/axe.accessibility.test.tsx(297,23): error TS2339: Property 'toHaveNoViolations' does not exist on type 'JestMatchers<any>'.
__tests__/accessibility/axe.accessibility.test.tsx(317,23): error TS2339: Property 'toHaveNoViolations' does not exist on type 'JestMatchers<any>'.
__tests__/accessibility/axe.accessibility.test.tsx(329,23): error TS2339: Property 'toHaveNoViolations' does not exist on type 'JestMatchers<any>'.
__tests__/accessibility/axe.accessibility.test.tsx(345,23): error TS2339: Property 'toHaveNoViolations' does not exist on type 'JestMatchers<any>'.
__tests__/accessibility/axe.accessibility.test.tsx(358,23): error TS2339: Property 'toHaveNoViolations' does not exist on type 'JestMatchers<any>'.
__tests__/accessibility/axe.accessibility.test.tsx(373,23): error TS2339: Property 'toHaveNoViolations' does not exist on type 'JestMatchers<any>'.
__tests__/accessibility/axe.accessibility.test.tsx(385,23): error TS2339: Property 'toHaveNoViolations' does not exist on type 'JestMatchers<any>'.
__tests__/accessibility/axe.accessibility.test.tsx(399,23): error TS2339: Property 'toHaveNoViolations' does not exist on type 'JestMatchers<any>'.
__tests__/accessibility/axe.accessibility.test.tsx(410,23): error TS2339: Property 'toHaveNoViolations' does not exist on type 'JestMatchers<any>'.
__tests__/accessibility/axe.accessibility.test.tsx(434,23): error TS2339: Property 'toHaveNoViolations' does not exist on type 'JestMatchers<any>'.
__tests__/accessibility/axe.accessibility.test.tsx(447,23): error TS2339: Property 'toHaveNoViolations' does not exist on type 'JestMatchers<any>'.
__tests__/e2e/csvImportExportFlow.spec.ts(111,19): error TS2339: Property 'setDefaultDownloadPath' does not exist on type 'BrowserContext'.
__tests__/e2e/csvImportExportFlow.spec.ts(149,19): error TS2339: Property 'setDefaultDownloadPath' does not exist on type 'BrowserContext'.
__tests__/integration/contentPagesApi.integration.test.ts(453,66): error TS2353: Object literal may only specify known properties, and 'id' does not exist in type 'Promise<{ id: string; }>'.
__tests__/integration/contentPagesApi.integration.test.ts(478,66): error TS2353: Object literal may only specify known properties, and 'id' does not exist in type 'Promise<{ id: string; }>'.
__tests__/integration/contentPagesApi.integration.test.ts(496,66): error TS2353: Object literal may only specify known properties, and 'id' does not exist in type 'Promise<{ id: string; }>'.
__tests__/integration/contentPagesApi.integration.test.ts(520,66): error TS2353: Object literal may only specify known properties, and 'id' does not exist in type 'Promise<{ id: string; }>'.
__tests__/integration/contentPagesApi.integration.test.ts(571,69): error TS2353: Object literal may only specify known properties, and 'id' does not exist in type 'Promise<{ id: string; }>'.
__tests__/integration/contentPagesApi.integration.test.ts(610,69): error TS2353: Object literal may only specify known properties, and 'id' does not exist in type 'Promise<{ id: string; }>'.
__tests__/integration/contentPagesApi.integration.test.ts(639,69): error TS2353: Object literal may only specify known properties, and 'id' does not exist in type 'Promise<{ id: string; }>'.
__tests__/integration/contentPagesApi.integration.test.ts(660,69): error TS2353: Object literal may only specify known properties, and 'id' does not exist in type 'Promise<{ id: string; }>'.
__tests__/integration/contentPagesApi.integration.test.ts(676,69): error TS2353: Object literal may only specify known properties, and 'id' does not exist in type 'Promise<{ id: string; }>'.
__tests__/integration/contentPagesApi.integration.test.ts(715,69): error TS2353: Object literal may only specify known properties, and 'id' does not exist in type 'Promise<{ id: string; }>'.
__tests__/integration/contentPagesApi.integration.test.ts(755,69): error TS2353: Object literal may only specify known properties, and 'id' does not exist in type 'Promise<{ id: string; }>'.
__tests__/integration/contentPagesApi.integration.test.ts(793,52): error TS2353: Object literal may only specify known properties, and 'id' does not exist in type 'Promise<{ id: string; }>'.
__tests__/integration/contentPagesApi.integration.test.ts(810,69): error TS2353: Object literal may only specify known properties, and 'id' does not exist in type 'Promise<{ id: string; }>'.
__tests__/integration/contentPagesApi.integration.test.ts(848,69): error TS2353: Object literal may only specify known properties, and 'id' does not exist in type 'Promise<{ id: string; }>'.
__tests__/integration/entityCreation.integration.test.ts(2,10): error TS2305: Module '"../../services/guestService"' has no exported member 'guestService'.
__tests__/integration/entityCreation.integration.test.ts(3,10): error TS2305: Module '"../../services/eventService"' has no exported member 'eventService'.
__tests__/integration/entityCreation.integration.test.ts(4,10): error TS2305: Module '"../../services/activityService"' has no exported member 'activityService'.
__tests__/integration/entityCreation.integration.test.ts(5,10): error TS2305: Module '"../../services/vendorService"' has no exported member 'vendorService'.
__tests__/integration/entityCreation.integration.test.ts(6,10): error TS2305: Module '"../../services/accommodationService"' has no exported member 'accommodationService'.
__tests__/integration/entityCreation.integration.test.ts(7,10): error TS2305: Module '"../../services/locationService"' has no exported member 'locationService'.
__tests__/integration/entityCreation.integration.test.ts(61,26): error TS2304: Cannot find name 'validGuestArbitrary'.
__tests__/integration/entityCreation.integration.test.ts(69,49): error TS18046: 'guestData' is of type 'unknown'.
__tests__/integration/entityCreation.integration.test.ts(70,48): error TS18046: 'guestData' is of type 'unknown'.
__tests__/integration/entityCreation.integration.test.ts(71,44): error TS18046: 'guestData' is of type 'unknown'.
__tests__/integration/entityCreation.integration.test.ts(72,47): error TS18046: 'guestData' is of type 'unknown'.
__tests__/integration/entityCreation.integration.test.ts(73,47): error TS18046: 'guestData' is of type 'unknown'.
__tests__/integration/entityCreation.integration.test.ts(74,49): error TS18046: 'guestData' is of type 'unknown'.
__tests__/integration/entityCreation.integration.test.ts(90,26): error TS2304: Cannot find name 'validEventArbitrary'.
__tests__/integration/entityCreation.integration.test.ts(98,43): error TS18046: 'eventData' is of type 'unknown'.
__tests__/integration/entityCreation.integration.test.ts(99,49): error TS18046: 'eventData' is of type 'unknown'.
__tests__/integration/entityCreation.integration.test.ts(100,52): error TS18046: 'eventData' is of type 'unknown'.
__tests__/integration/entityCreation.integration.test.ts(117,26): error TS2304: Cannot find name 'validActivityArbitrary'.
__tests__/integration/entityCreation.integration.test.ts(125,43): error TS18046: 'activityData' is of type 'unknown'.
__tests__/integration/entityCreation.integration.test.ts(126,52): error TS18046: 'activityData' is of type 'unknown'.
__tests__/integration/entityCreation.integration.test.ts(127,50): error TS18046: 'activityData' is of type 'unknown'.
__tests__/integration/entityCreation.integration.test.ts(128,55): error TS18046: 'activityData' is of type 'unknown'.
__tests__/integration/entityCreation.integration.test.ts(145,26): error TS2304: Cannot find name 'validVendorArbitrary'.
__tests__/integration/entityCreation.integration.test.ts(153,43): error TS18046: 'vendorData' is of type 'unknown'.
__tests__/integration/entityCreation.integration.test.ts(154,47): error TS18046: 'vendorData' is of type 'unknown'.
__tests__/integration/entityCreation.integration.test.ts(155,52): error TS18046: 'vendorData' is of type 'unknown'.
__tests__/integration/entityCreation.integration.test.ts(156,48): error TS18046: 'vendorData' is of type 'unknown'.
__tests__/integration/entityCreation.integration.test.ts(173,26): error TS2304: Cannot find name 'validAccommodationArbitrary'.
__tests__/integration/entityCreation.integration.test.ts(181,43): error TS18046: 'accommodationData' is of type 'unknown'.
__tests__/integration/entityCreation.integration.test.ts(198,26): error TS2304: Cannot find name 'validLocationArbitrary'.
__tests__/integration/entityCreation.integration.test.ts(206,43): error TS18046: 'locationData' is of type 'unknown'.
__tests__/integration/entityCreation.integration.test.ts(224,13): error TS2304: Cannot find name 'validGuestArbitrary'.
__tests__/integration/entityCreation.integration.test.ts(224,37): error TS7006: Parameter 'data' implicitly has an 'any' type.
__tests__/integration/entityCreation.integration.test.ts(225,13): error TS2304: Cannot find name 'validEventArbitrary'.
__tests__/integration/entityCreation.integration.test.ts(225,37): error TS7006: Parameter 'data' implicitly has an 'any' type.
__tests__/integration/entityCreation.integration.test.ts(226,13): error TS2304: Cannot find name 'validActivityArbitrary'.
__tests__/integration/entityCreation.integration.test.ts(226,40): error TS7006: Parameter 'data' implicitly has an 'any' type.
__tests__/integration/entityCreation.integration.test.ts(227,13): error TS2304: Cannot find name 'validVendorArbitrary'.
__tests__/integration/entityCreation.integration.test.ts(227,38): error TS7006: Parameter 'data' implicitly has an 'any' type.
__tests__/integration/entityCreation.integration.test.ts(228,13): error TS2304: Cannot find name 'validAccommodationArbitrary'.
__tests__/integration/entityCreation.integration.test.ts(228,45): error TS7006: Parameter 'data' implicitly has an 'any' type.
__tests__/integration/entityCreation.integration.test.ts(229,13): error TS2304: Cannot find name 'validLocationArbitrary'.
__tests__/integration/entityCreation.integration.test.ts(229,40): error TS7006: Parameter 'data' implicitly has an 'any' type.
__tests__/integration/locationsApi.integration.test.ts(201,61): error TS2353: Object literal may only specify known properties, and 'id' does not exist in type 'Promise<{ id: string; }>'.
__tests__/integration/locationsApi.integration.test.ts(216,61): error TS2353: Object literal may only specify known properties, and 'id' does not exist in type 'Promise<{ id: string; }>'.
__tests__/integration/locationsApi.integration.test.ts(247,55): error TS2353: Object literal may only specify known properties, and 'id' does not exist in type 'Promise<{ id: string; }>'.
__tests__/integration/locationsApi.integration.test.ts(266,55): error TS2353: Object literal may only specify known properties, and 'id' does not exist in type 'Promise<{ id: string; }>'.
__tests__/integration/locationsApi.integration.test.ts(288,55): error TS2353: Object literal may only specify known properties, and 'id' does not exist in type 'Promise<{ id: string; }>'.
__tests__/integration/locationsApi.integration.test.ts(308,58): error TS2353: Object literal may only specify known properties, and 'id' does not exist in type 'Promise<{ id: string; }>'.
__tests__/integration/locationsApi.integration.test.ts(325,58): error TS2353: Object literal may only specify known properties, and 'id' does not exist in type 'Promise<{ id: string; }>'.
__tests__/integration/locationsApi.integration.test.ts(358,67): error TS2353: Object literal may only specify known properties, and 'id' does not exist in type 'Promise<{ id: string; }>'.
__tests__/integration/locationsApi.integration.test.ts(375,67): error TS2353: Object literal may only specify known properties, and 'id' does not exist in type 'Promise<{ id: string; }>'.
__tests__/integration/locationsApi.integration.test.ts(392,67): error TS2353: Object literal may only specify known properties, and 'id' does not exist in type 'Promise<{ id: string; }>'.
__tests__/integration/locationsApi.integration.test.ts(455,58): error TS2353: Object literal may only specify known properties, and 'id' does not exist in type 'Promise<{ id: string; }>'.
__tests__/integration/referenceSearchApi.integration.test.ts(419,64): error TS2353: Object literal may only specify known properties, and 'type' does not exist in type 'Promise<{ type: string; id: string; }>'.
__tests__/integration/referenceSearchApi.integration.test.ts(438,64): error TS2353: Object literal may only specify known properties, and 'type' does not exist in type 'Promise<{ type: string; id: string; }>'.
__tests__/integration/referenceSearchApi.integration.test.ts(477,64): error TS2353: Object literal may only specify known properties, and 'type' does not exist in type 'Promise<{ type: string; id: string; }>'.
__tests__/integration/referenceSearchApi.integration.test.ts(535,64): error TS2353: Object literal may only specify known properties, and 'type' does not exist in type 'Promise<{ type: string; id: string; }>'.
__tests__/integration/referenceSearchApi.integration.test.ts(557,64): error TS2353: Object literal may only specify known properties, and 'type' does not exist in type 'Promise<{ type: string; id: string; }>'.
__tests__/integration/roomTypesApi.integration.test.ts(113,64): error TS2353: Object literal may only specify known properties, and 'id' does not exist in type 'Promise<{ id: string; }>'.
__tests__/integration/roomTypesApi.integration.test.ts(147,64): error TS2353: Object literal may only specify known properties, and 'id' does not exist in type 'Promise<{ id: string; }>'.
__tests__/integration/roomTypesApi.integration.test.ts(163,64): error TS2353: Object literal may only specify known properties, and 'id' does not exist in type 'Promise<{ id: string; }>'.
__tests__/integration/roomTypesApi.integration.test.ts(285,63): error TS2353: Object literal may only specify known properties, and 'id' does not exist in type 'Promise<{ id: string; }>'.
__tests__/integration/roomTypesApi.integration.test.ts(301,63): error TS2353: Object literal may only specify known properties, and 'id' does not exist in type 'Promise<{ id: string; }>'.
__tests__/integration/roomTypesApi.integration.test.ts(333,66): error TS2353: Object literal may only specify known properties, and 'id' does not exist in type 'Promise<{ id: string; }>'.
__tests__/integration/roomTypesApi.integration.test.ts(352,66): error TS2353: Object literal may only specify known properties, and 'id' does not exist in type 'Promise<{ id: string; }>'.
__tests__/integration/roomTypesApi.integration.test.ts(371,66): error TS2353: Object literal may only specify known properties, and 'id' does not exist in type 'Promise<{ id: string; }>'.
__tests__/integration/roomTypesApi.integration.test.ts(387,66): error TS2353: Object literal may only specify known properties, and 'id' does not exist in type 'Promise<{ id: string; }>'.
__tests__/integration/roomTypesApi.integration.test.ts(414,71): error TS2353: Object literal may only specify known properties, and 'id' does not exist in type 'Promise<{ id: string; }>'.
__tests__/integration/sectionsApi.integration.test.ts(321,13): error TS2353: Object literal may only specify known properties, and 'name' does not exist in type '{ type: "event" | "activity" | "accommodation" | "location"; id: string; label?: string | undefined; }'.
__tests__/integration/sectionsApi.integration.test.ts(326,13): error TS2353: Object literal may only specify known properties, and 'name' does not exist in type '{ type: "event" | "activity" | "accommodation" | "location"; id: string; label?: string | undefined; }'.
__tests__/performance/loadTest.performance.test.ts(121,13): error TS2561: Object literal may only specify known properties, but 'guestId' does not exist in type '{ status: "attending" | "pending" | "declined" | "maybe"; guest_id: string; notes?: string | undefined; event_id?: string | undefined; activity_id?: string | undefined; guest_count?: number | undefined; dietary_notes?: string | undefined; special_requirements?: string | undefined; }'. Did you mean to write 'guest_id'?
__tests__/performance/loadTest.performance.test.ts(197,41): error TS2561: Object literal may only specify known properties, but 'guestId' does not exist in type 'Partial<{ page: number; page_size: number; status?: "attending" | "pending" | "declined" | "maybe" | undefined; event_id?: string | undefined; activity_id?: string | undefined; guest_id?: string | undefined; }>'. Did you mean to write 'guest_id'?
__tests__/performance/loadTest.performance.test.ts(261,41): error TS2554: Expected 2 arguments, but got 1.
__tests__/performance/loadTest.performance.test.ts(314,55): error TS2353: Object literal may only specify known properties, and 'groupId' does not exist in type 'Guest[]'.
__tests__/performance/loadTest.performance.test.ts(376,63): error TS2345: Argument of type '{ guestId: string; eventId: string; status: "attending"; guestCount: number; }' is not assignable to parameter of type '{ status: "attending" | "pending" | "declined" | "maybe"; guest_id: string; notes?: string | undefined; event_id?: string | undefined; activity_id?: string | undefined; guest_count?: number | undefined; dietary_notes?: string | undefined; special_requirements?: string | undefined; }'.
  Property 'guest_id' is missing in type '{ guestId: string; eventId: string; status: "attending"; guestCount: number; }' but required in type '{ status: "attending" | "pending" | "declined" | "maybe"; guest_id: string; notes?: string | undefined; event_id?: string | undefined; activity_id?: string | undefined; guest_count?: number | undefined; dietary_notes?: string | undefined; special_requirements?: string | undefined; }'.
__tests__/regression/authentication.regression.test.ts(14,10): error TS2305: Module '"@/services/authService"' has no exported member 'authService'.
__tests__/regression/authentication.regression.test.ts(15,10): error TS2305: Module '"@/services/accessControlService"' has no exported member 'accessControlService'.
__tests__/regression/authentication.regression.test.ts(305,24): error TS7006: Parameter 'result' implicitly has an 'any' type.
__tests__/regression/dataServices.regression.test.ts(15,10): error TS2305: Module '"@/services/guestService"' has no exported member 'guestService'.
__tests__/regression/dataServices.regression.test.ts(16,10): error TS2305: Module '"@/services/eventService"' has no exported member 'eventService'.
__tests__/regression/dataServices.regression.test.ts(17,10): error TS2305: Module '"@/services/activityService"' has no exported member 'activityService'.
__tests__/regression/dataServices.regression.test.ts(18,10): error TS2305: Module '"@/services/rsvpService"' has no exported member 'rsvpService'.
__tests__/regression/dataServices.regression.test.ts(19,10): error TS2305: Module '"@/services/vendorService"' has no exported member 'vendorService'.
__tests__/regression/dataServices.regression.test.ts(20,10): error TS2305: Module '"@/services/accommodationService"' has no exported member 'accommodationService'.
__tests__/regression/dataServices.regression.test.ts(363,24): error TS7006: Parameter 'result' implicitly has an 'any' type.
__tests__/regression/dynamicRoutes.regression.test.ts(15,10): error TS2305: Module '"@/services/sectionsService"' has no exported member 'sectionsService'.
__tests__/regression/emailDelivery.regression.test.ts(51,10): error TS2305: Module '"@/services/emailService"' has no exported member 'emailService'.
__tests__/regression/emailDelivery.regression.test.ts(52,10): error TS2305: Module '"@/services/smsService"' has no exported member 'smsService'.
__tests__/regression/emailDelivery.regression.test.ts(69,7): error TS2304: Cannot find name 'mockSupabase'.
__tests__/regression/emailDelivery.regression.test.ts(185,7): error TS2304: Cannot find name 'mockSupabase'.
__tests__/regression/emailDelivery.regression.test.ts(251,7): error TS2304: Cannot find name 'mockSupabase'.
__tests__/regression/emailDelivery.regression.test.ts(282,7): error TS2304: Cannot find name 'mockSupabase'.
__tests__/regression/emailDelivery.regression.test.ts(308,7): error TS2304: Cannot find name 'mockSupabase'.
__tests__/regression/emailDelivery.regression.test.ts(333,7): error TS2304: Cannot find name 'mockSupabase'.
__tests__/regression/emailDelivery.regression.test.ts(350,14): error TS2304: Cannot find name 'mockSupabase'.
__tests__/regression/emailDelivery.regression.test.ts(362,7): error TS2304: Cannot find name 'mockSupabase'.
__tests__/regression/emailDelivery.regression.test.ts(374,14): error TS2304: Cannot find name 'mockSupabase'.
__tests__/regression/emailDelivery.regression.test.ts(386,7): error TS2304: Cannot find name 'mockSupabase'.
__tests__/regression/emailDelivery.regression.test.ts(450,7): error TS2304: Cannot find name 'mockSupabase'.
__tests__/regression/financialCalculations.regression.test.ts(15,10): error TS2305: Module '"@/services/budgetService"' has no exported member 'budgetService'.
__tests__/regression/financialCalculations.regression.test.ts(16,10): error TS2305: Module '"@/services/vendorService"' has no exported member 'vendorService'.
__tests__/regression/financialCalculations.regression.test.ts(17,10): error TS2305: Module '"@/services/accommodationService"' has no exported member 'accommodationService'.
__tests__/regression/performance.regression.test.ts(88,28): error TS2561: Object literal may only specify known properties, but 'guestId' does not exist in type 'Partial<{ page: number; page_size: number; status?: "attending" | "pending" | "declined" | "maybe" | undefined; event_id?: string | undefined; activity_id?: string | undefined; guest_id?: string | undefined; }>'. Did you mean to write 'guest_id'?
__tests__/regression/performance.regression.test.ts(134,9): error TS2561: Object literal may only specify known properties, but 'guestId' does not exist in type '{ status: "attending" | "pending" | "declined" | "maybe"; guest_id: string; notes?: string | undefined; event_id?: string | undefined; activity_id?: string | undefined; guest_count?: number | undefined; dietary_notes?: string | undefined; special_requirements?: string | undefined; }'. Did you mean to write 'guest_id'?
__tests__/regression/performance.regression.test.ts(445,26): error TS2554: Expected 2 arguments, but got 1.
__tests__/regression/photoStorage.regression.test.ts(51,10): error TS2305: Module '"@/services/photoService"' has no exported member 'photoService'.
__tests__/regression/photoStorage.regression.test.ts(52,10): error TS2305: Module '"@/services/b2Service"' has no exported member 'b2Service'.
__tests__/regression/photoStorage.regression.test.ts(116,7): error TS2304: Cannot find name 'mockSupabase'.
__tests__/regression/photoStorage.regression.test.ts(146,7): error TS2304: Cannot find name 'mockSupabase'.
__tests__/regression/photoStorage.regression.test.ts(151,7): error TS2304: Cannot find name 'mockSupabase'.
__tests__/regression/photoStorage.regression.test.ts(155,7): error TS2304: Cannot find name 'mockSupabase'.
__tests__/regression/photoStorage.regression.test.ts(198,7): error TS2304: Cannot find name 'mockSupabase'.
__tests__/regression/photoStorage.regression.test.ts(237,7): error TS2304: Cannot find name 'mockSupabase'.
__tests__/regression/photoStorage.regression.test.ts(266,7): error TS2304: Cannot find name 'mockSupabase'.
__tests__/regression/photoStorage.regression.test.ts(271,7): error TS2304: Cannot find name 'mockSupabase'.
__tests__/regression/photoStorage.regression.test.ts(275,7): error TS2304: Cannot find name 'mockSupabase'.
__tests__/regression/photoStorage.regression.test.ts(314,7): error TS2304: Cannot find name 'mockSupabase'.
__tests__/regression/photoStorage.regression.test.ts(342,7): error TS2304: Cannot find name 'mockSupabase'.
__tests__/regression/photoStorage.regression.test.ts(347,7): error TS2304: Cannot find name 'mockSupabase'.
__tests__/regression/photoStorage.regression.test.ts(351,7): error TS2304: Cannot find name 'mockSupabase'.
__tests__/regression/photoStorage.regression.test.ts(382,7): error TS2304: Cannot find name 'mockSupabase'.
__tests__/regression/photoStorage.regression.test.ts(387,7): error TS2304: Cannot find name 'mockSupabase'.
__tests__/regression/photoStorage.regression.test.ts(391,7): error TS2304: Cannot find name 'mockSupabase'.
__tests__/regression/photoStorage.regression.test.ts(423,7): error TS2304: Cannot find name 'mockSupabase'.
__tests__/regression/photoStorage.regression.test.ts(450,7): error TS2304: Cannot find name 'mockSupabase'.
__tests__/regression/rsvpCapacity.regression.test.ts(14,10): error TS2305: Module '"@/services/rsvpService"' has no exported member 'rsvpService'.
__tests__/regression/rsvpCapacity.regression.test.ts(15,10): error TS2305: Module '"@/services/rsvpAnalyticsService"' has no exported member 'rsvpAnalyticsService'.
__tests__/regression/rsvpCapacity.regression.test.ts(16,10): error TS2305: Module '"@/services/capacityReportService"' has no exported member 'capacityReportService'.
app/admin/accommodations/[id]/room-types/page.tsx(421,9): error TS2322: Type 'import("/Users/jaron/Desktop/wedding-platform-v2/components/ui/DynamicForm").FormField[]' is not assignable to type 'FormField[]'.
  Type 'import("/Users/jaron/Desktop/wedding-platform-v2/components/ui/DynamicForm").FormField' is not assignable to type 'FormField'.
    Types of property 'type' are incompatible.
      Type '"number" | "date" | "text" | "email" | "select" | "textarea" | "datetime" | "checkbox" | "richtext"' is not assignable to type '"number" | "date" | "text" | "email" | "select" | "textarea" | "datetime-local"'.
        Type '"datetime"' is not assignable to type '"number" | "date" | "text" | "email" | "select" | "textarea" | "datetime-local"'.
app/admin/accommodations/page.guestView.test.tsx(75,34): error TS2345: Argument of type '{ addToast: jest.Mock<any, any, any>; toasts: never[]; removeToast: jest.Mock<any, any, any>; }' is not assignable to parameter of type 'ToastContextValue'.
  Property 'showToast' is missing in type '{ addToast: jest.Mock<any, any, any>; toasts: never[]; removeToast: jest.Mock<any, any, any>; }' but required in type 'ToastContextValue'.
app/admin/accommodations/page.tsx(455,9): error TS2322: Type 'import("/Users/jaron/Desktop/wedding-platform-v2/components/ui/DynamicForm").FormField[]' is not assignable to type 'FormField[]'.
  Type 'import("/Users/jaron/Desktop/wedding-platform-v2/components/ui/DynamicForm").FormField' is not assignable to type 'FormField'.
    Types of property 'type' are incompatible.
      Type '"number" | "date" | "text" | "email" | "select" | "textarea" | "datetime" | "checkbox" | "richtext"' is not assignable to type '"number" | "date" | "text" | "email" | "select" | "textarea" | "datetime-local"'.
        Type '"datetime"' is not assignable to type '"number" | "date" | "text" | "email" | "select" | "textarea" | "datetime-local"'.
app/admin/accommodations/page.tsx(472,13): error TS2322: Type '{ locations: Location[]; selectedLocationId: string; onSelect: Dispatch<SetStateAction<string>>; placeholder: string; }' is not assignable to type 'IntrinsicAttributes & LocationSelectorProps'.
  Property 'locations' does not exist on type 'IntrinsicAttributes & LocationSelectorProps'.
app/admin/activities/page.guestView.test.tsx(95,34): error TS2345: Argument of type '{ addToast: jest.Mock<any, any, any>; toasts: never[]; removeToast: jest.Mock<any, any, any>; }' is not assignable to parameter of type 'ToastContextValue'.
  Property 'showToast' is missing in type '{ addToast: jest.Mock<any, any, any>; toasts: never[]; removeToast: jest.Mock<any, any, any>; }' but required in type 'ToastContextValue'.
app/admin/activities/page.tsx(553,9): error TS2322: Type 'import("/Users/jaron/Desktop/wedding-platform-v2/components/ui/DynamicForm").FormField[]' is not assignable to type 'FormField[]'.
  Type 'import("/Users/jaron/Desktop/wedding-platform-v2/components/ui/DynamicForm").FormField' is not assignable to type 'FormField'.
    Types of property 'type' are incompatible.
      Type '"number" | "date" | "text" | "email" | "select" | "textarea" | "datetime" | "checkbox" | "richtext"' is not assignable to type '"number" | "date" | "text" | "email" | "select" | "textarea" | "datetime-local"'.
        Type '"datetime"' is not assignable to type '"number" | "date" | "text" | "email" | "select" | "textarea" | "datetime-local"'.
app/admin/audit-logs/page.tsx(337,11): error TS2322: Type '{ data: AuditLog[]; columns: { key: string; label: string; render: (log: AuditLog) => Element; }[]; loading: boolean; emptyMessage: string; }' is not assignable to type 'IntrinsicAttributes & DataTableProps<AuditLog>'.
  Property 'emptyMessage' does not exist on type 'IntrinsicAttributes & DataTableProps<AuditLog>'.
app/admin/budget/page.property.test.tsx(50,27): error TS2352: Conversion of type 'Arbitrary<{ id: string; name: string; description: string | null; eventId: string | null; startTime: string; endTime: string; locationId: string | null; capacity: number | null; costPerPerson: number | null; ... 7 more ...; updatedAt: string; }>' to type 'Arbitrary<Activity>' may be a mistake because neither type sufficiently overlaps with the other. If this was intentional, convert the expression to 'unknown' first.
  Type '{ id: string; name: string; description: string | null; eventId: string | null; startTime: string; endTime: string; locationId: string | null; capacity: number | null; costPerPerson: number | null; ... 7 more ...; updatedAt: string; }' is missing the following properties from type 'Activity': plusOneAllowed, displayOrder
app/admin/budget/page.test.tsx(71,7): error TS2322: Type 'string' is not assignable to type 'string[]'.
app/admin/budget/page.test.tsx(245,50): error TS2339: Property 'toBeInTheDocument' does not exist on type 'Matchers<void, HTMLElement> & SnapshotMatchers<void, HTMLElement> & Inverse<JestMatchers<void, HTMLElement>> & PromiseMatchers<...>'.
app/admin/budget/page.test.tsx(274,48): error TS2339: Property 'toBeInTheDocument' does not exist on type 'Matchers<void, HTMLElement> & SnapshotMatchers<void, HTMLElement> & Inverse<JestMatchers<void, HTMLElement>> & PromiseMatchers<...>'.
app/admin/budget/page.test.tsx(288,49): error TS2339: Property 'toBeInTheDocument' does not exist on type 'Matchers<void, HTMLElement> & SnapshotMatchers<void, HTMLElement> & Inverse<JestMatchers<void, HTMLElement>> & PromiseMatchers<...>'.
app/admin/budget/page.test.tsx(293,45): error TS2339: Property 'toBeInTheDocument' does not exist on type 'Matchers<void, HTMLElement> & SnapshotMatchers<void, HTMLElement> & Inverse<JestMatchers<void, HTMLElement>> & PromiseMatchers<...>'.
app/admin/budget/page.test.tsx(301,62): error TS2339: Property 'toBeInTheDocument' does not exist on type 'Matchers<void, HTMLElement> & SnapshotMatchers<void, HTMLElement> & Inverse<JestMatchers<void, HTMLElement>> & PromiseMatchers<...>'.
app/admin/budget/page.test.tsx(317,52): error TS2339: Property 'toBeInTheDocument' does not exist on type 'Matchers<void, HTMLElement> & SnapshotMatchers<void, HTMLElement> & Inverse<JestMatchers<void, HTMLElement>> & PromiseMatchers<...>'.
app/admin/budget/page.test.tsx(333,61): error TS2339: Property 'toBeInTheDocument' does not exist on type 'Matchers<void, HTMLElement> & SnapshotMatchers<void, HTMLElement> & Inverse<JestMatchers<void, HTMLElement>> & PromiseMatchers<...>'.
app/admin/budget/page.test.tsx(341,52): error TS2339: Property 'toBeInTheDocument' does not exist on type 'Matchers<void, HTMLElement> & SnapshotMatchers<void, HTMLElement> & Inverse<JestMatchers<void, HTMLElement>> & PromiseMatchers<...>'.
app/admin/budget/page.test.tsx(355,60): error TS2339: Property 'toBeInTheDocument' does not exist on type 'Matchers<void, HTMLElement> & SnapshotMatchers<void, HTMLElement> & Inverse<JestMatchers<void, HTMLElement>> & PromiseMatchers<...>'.
app/admin/budget/page.test.tsx(394,64): error TS2339: Property 'toBeInTheDocument' does not exist on type 'Matchers<void, HTMLElement> & SnapshotMatchers<void, HTMLElement> & Inverse<JestMatchers<void, HTMLElement>> & PromiseMatchers<...>'.
app/admin/budget/page.test.tsx(410,41): error TS2339: Property 'toBeInTheDocument' does not exist on type 'Matchers<void, HTMLElement> & SnapshotMatchers<void, HTMLElement> & Inverse<JestMatchers<void, HTMLElement>> & PromiseMatchers<...>'.
app/admin/budget/page.test.tsx(411,40): error TS2339: Property 'toBeInTheDocument' does not exist on type 'Matchers<void, HTMLElement> & SnapshotMatchers<void, HTMLElement> & Inverse<JestMatchers<void, HTMLElement>> & PromiseMatchers<...>'.
app/admin/budget/page.test.tsx(433,41): error TS2339: Property 'toBeInTheDocument' does not exist on type 'Matchers<void, HTMLElement> & SnapshotMatchers<void, HTMLElement> & Inverse<JestMatchers<void, HTMLElement>> & PromiseMatchers<...>'.
app/admin/budget/page.test.tsx(454,31): error TS2339: Property 'toBeInTheDocument' does not exist on type 'Matchers<void, HTMLElement> & SnapshotMatchers<void, HTMLElement> & Inverse<JestMatchers<void, HTMLElement>> & PromiseMatchers<...>'.
app/admin/budget/page.test.tsx(462,54): error TS2339: Property 'toBeInTheDocument' does not exist on type 'Matchers<void, HTMLElement> & SnapshotMatchers<void, HTMLElement> & Inverse<JestMatchers<void, HTMLElement>> & PromiseMatchers<...>'.
app/admin/budget/page.test.tsx(481,31): error TS2339: Property 'toBeInTheDocument' does not exist on type 'Matchers<void, HTMLElement> & SnapshotMatchers<void, HTMLElement> & Inverse<JestMatchers<void, HTMLElement>> & PromiseMatchers<...>'.
app/admin/budget/page.test.tsx(488,29): error TS2339: Property 'toBeDisabled' does not exist on type 'Matchers<void, HTMLElement> & SnapshotMatchers<void, HTMLElement> & Inverse<JestMatchers<void, HTMLElement>> & PromiseMatchers<...>'.
app/admin/budget/page.test.tsx(494,58): error TS2339: Property 'toBeInTheDocument' does not exist on type 'Matchers<void, HTMLElement> & SnapshotMatchers<void, HTMLElement> & Inverse<JestMatchers<void, HTMLElement>> & PromiseMatchers<...>'.
app/admin/budget/page.test.tsx(509,64): error TS2339: Property 'toBeInTheDocument' does not exist on type 'Matchers<void, HTMLElement> & SnapshotMatchers<void, HTMLElement> & Inverse<JestMatchers<void, HTMLElement>> & PromiseMatchers<...>'.
app/admin/budget/page.test.tsx(525,64): error TS2339: Property 'toBeInTheDocument' does not exist on type 'Matchers<void, HTMLElement> & SnapshotMatchers<void, HTMLElement> & Inverse<JestMatchers<void, HTMLElement>> & PromiseMatchers<...>'.
app/admin/budget/page.test.tsx(529,27): error TS2339: Property 'toBeInTheDocument' does not exist on type 'Matchers<void, HTMLElement> & SnapshotMatchers<void, HTMLElement> & Inverse<JestMatchers<void, HTMLElement>> & PromiseMatchers<...>'.
app/admin/budget/page.test.tsx(551,54): error TS2339: Property 'toBeInTheDocument' does not exist on type 'Matchers<void, HTMLElement> & SnapshotMatchers<void, HTMLElement> & Inverse<JestMatchers<void, HTMLElement>> & PromiseMatchers<...>'.
app/admin/budget/page.test.tsx(604,54): error TS2339: Property 'toBeInTheDocument' does not exist on type 'Matchers<void, HTMLElement> & SnapshotMatchers<void, HTMLElement> & Inverse<JestMatchers<void, HTMLElement>> & PromiseMatchers<...>'.
app/admin/budget/page.test.tsx(657,54): error TS2339: Property 'toBeInTheDocument' does not exist on type 'Matchers<void, HTMLElement> & SnapshotMatchers<void, HTMLElement> & Inverse<JestMatchers<void, HTMLElement>> & PromiseMatchers<...>'.
app/admin/content-pages/page.guestView.test.tsx(76,34): error TS2345: Argument of type '{ showToast: jest.Mock<any, any, any>; toasts: never[]; removeToast: jest.Mock<any, any, any>; }' is not assignable to parameter of type 'ToastContextValue'.
  Property 'addToast' is missing in type '{ showToast: jest.Mock<any, any, any>; toasts: never[]; removeToast: jest.Mock<any, any, any>; }' but required in type 'ToastContextValue'.
app/admin/content-pages/page.guestView.test.tsx(83,7): error TS2322: Type '({ id: string; title: string; slug: string; status: "published"; createdAt: string; updatedAt: string; } | { id: string; title: string; slug: string; status: "draft"; createdAt: string; updatedAt: string; })[]' is not assignable to type 'ContentPage[]'.
  Type '{ id: string; title: string; slug: string; status: "published"; createdAt: string; updatedAt: string; } | { id: string; title: string; slug: string; status: "draft"; createdAt: string; updatedAt: string; }' is not assignable to type 'ContentPage'.
    Type '{ id: string; title: string; slug: string; status: "published"; createdAt: string; updatedAt: string; }' is missing the following properties from type 'ContentPage': created_at, updated_at
app/admin/content-pages/page.tsx(210,11): error TS2322: Type '{ data: ContentPage[]; columns: ({ key: string; label: string; sortable: boolean; render?: undefined; } | { key: string; label: string; sortable: boolean; render: (value: string) => Element; } | { ...; })[]; searchable: true; searchPlaceholder: string; }' is not assignable to type 'IntrinsicAttributes & DataTableProps<ContentPage>'.
  Property 'searchable' does not exist on type 'IntrinsicAttributes & DataTableProps<ContentPage>'.
app/admin/events/page.guestView.test.tsx(79,34): error TS2345: Argument of type '{ addToast: jest.Mock<any, any, any>; toasts: never[]; removeToast: jest.Mock<any, any, any>; }' is not assignable to parameter of type 'ToastContextValue'.
  Property 'showToast' is missing in type '{ addToast: jest.Mock<any, any, any>; toasts: never[]; removeToast: jest.Mock<any, any, any>; }' but required in type 'ToastContextValue'.
app/admin/events/page.tsx(490,9): error TS2322: Type 'import("/Users/jaron/Desktop/wedding-platform-v2/components/ui/DynamicForm").FormField[]' is not assignable to type 'FormField[]'.
  Type 'import("/Users/jaron/Desktop/wedding-platform-v2/components/ui/DynamicForm").FormField' is not assignable to type 'FormField'.
    Types of property 'type' are incompatible.
      Type '"number" | "date" | "text" | "email" | "select" | "textarea" | "datetime" | "checkbox" | "richtext"' is not assignable to type '"number" | "date" | "text" | "email" | "select" | "textarea" | "datetime-local"'.
        Type '"datetime"' is not assignable to type '"number" | "date" | "text" | "email" | "select" | "textarea" | "datetime-local"'.
app/admin/events/page.tsx(508,13): error TS2322: Type '{ locations: Location[]; selectedLocationId: string; onSelect: Dispatch<SetStateAction<string>>; placeholder: string; }' is not assignable to type 'IntrinsicAttributes & LocationSelectorProps'.
  Property 'locations' does not exist on type 'IntrinsicAttributes & LocationSelectorProps'.
app/admin/locations/page.tsx(118,91): error TS2503: Cannot find namespace 'JSX'.
app/admin/rsvp-analytics/page.tsx(76,46): error TS2503: Cannot find namespace 'JSX'.
app/admin/settings/page.property.test.tsx(99,30): error TS2322: Type '{ id: string; wedding_date: string | null; venue_name: string | null; couple_name_1: string | null; couple_name_2: string | null; timezone: string; send_rsvp_confirmations: boolean; ... 7 more ...; updated_at: string; }' is not assignable to type 'SystemSettings'.
  Type '{ id: string; wedding_date: string | null; venue_name: string | null; couple_name_1: string | null; couple_name_2: string | null; timezone: string; send_rsvp_confirmations: boolean; ... 7 more ...; updated_at: string; }' is missing the following properties from type '{ wedding_date: string | null; venue_name: string | null; couple_name_1: string | null; couple_name_2: string | null; timezone: string; send_rsvp_confirmations: boolean; send_activity_reminders: boolean; ... 8 more ...; home_page_hero_image_url: string | null; }': home_page_title, home_page_subtitle, home_page_welcome_message, home_page_hero_image_url
app/admin/settings/page.property.test.tsx(165,26): error TS2322: Type '{ id: string; wedding_date: null; venue_name: null; couple_name_1: null; couple_name_2: null; timezone: string; send_rsvp_confirmations: boolean; send_activity_reminders: boolean; send_deadline_reminders: boolean; ... 5 more ...; updated_at: string; }' is not assignable to type 'SystemSettings'.
  Type '{ id: string; wedding_date: null; venue_name: null; couple_name_1: null; couple_name_2: null; timezone: string; send_rsvp_confirmations: boolean; send_activity_reminders: boolean; send_deadline_reminders: boolean; ... 5 more ...; updated_at: string; }' is missing the following properties from type '{ wedding_date: string | null; venue_name: string | null; couple_name_1: string | null; couple_name_2: string | null; timezone: string; send_rsvp_confirmations: boolean; send_activity_reminders: boolean; ... 8 more ...; home_page_hero_image_url: string | null; }': home_page_title, home_page_subtitle, home_page_welcome_message, home_page_hero_image_url
app/admin/settings/page.property.test.tsx(230,30): error TS2322: Type '{ id: string; wedding_date: string | null; venue_name: string | null; couple_name_1: string | null; couple_name_2: string | null; timezone: string; send_rsvp_confirmations: boolean; ... 7 more ...; updated_at: string; }' is not assignable to type 'SystemSettings'.
  Type '{ id: string; wedding_date: string | null; venue_name: string | null; couple_name_1: string | null; couple_name_2: string | null; timezone: string; send_rsvp_confirmations: boolean; ... 7 more ...; updated_at: string; }' is missing the following properties from type '{ wedding_date: string | null; venue_name: string | null; couple_name_1: string | null; couple_name_2: string | null; timezone: string; send_rsvp_confirmations: boolean; send_activity_reminders: boolean; ... 8 more ...; home_page_hero_image_url: string | null; }': home_page_title, home_page_subtitle, home_page_welcome_message, home_page_hero_image_url
app/api/admin/accommodations/[id]/route.ts(115,67): error TS2304: Cannot find name 'resolvedParams'.
app/api/admin/accommodations/[id]/route.ts(179,67): error TS2304: Cannot find name 'resolvedParams'.
app/api/admin/accommodations/route.ts(59,7): error TS2322: Type '"available" | "booked" | "unavailable"' is not assignable to type '"draft" | "published" | undefined'.
  Type '"available"' is not assignable to type '"draft" | "published" | undefined'.
app/api/admin/content-pages/[id]/route.ts(26,15): error TS2339: Property 'id' does not exist on type 'Promise<{ id: string; }>'.
app/api/admin/content-pages/[id]/route.ts(64,15): error TS2339: Property 'id' does not exist on type 'Promise<{ id: string; }>'.
app/api/admin/content-pages/[id]/route.ts(122,15): error TS2339: Property 'id' does not exist on type 'Promise<{ id: string; }>'.
app/api/admin/locations/[id]/route.ts(120,47): error TS2304: Cannot find name 'resolvedParams'.
app/api/admin/locations/[id]/route.ts(181,55): error TS2304: Cannot find name 'resolvedParams'.
app/api/admin/references/[type]/[id]/route.ts(60,13): error TS2339: Property 'type' does not exist on type 'Promise<{ type: string; id: string; }>'.
app/api/admin/references/[type]/[id]/route.ts(60,19): error TS2339: Property 'id' does not exist on type 'Promise<{ type: string; id: string; }>'.
app/api/admin/room-types/[id]/route.ts(115,62): error TS2304: Cannot find name 'resolvedParams'.
app/api/admin/room-types/[id]/route.ts(179,62): error TS2304: Cannot find name 'resolvedParams'.
app/api/admin/sections/[id]/route.ts(76,40): error TS2304: Cannot find name 'resolvedParams'.
components/admin/CollapsibleForm.test.tsx(1068,11): error TS2322: Type 'Mock<Promise<unknown>, [], any>' is not assignable to type '(data: { name: string; email: string; age: string; description?: string | undefined; }) => Promise<void>'.
  Type 'Promise<unknown>' is not assignable to type 'Promise<void>'.
    Type 'unknown' is not assignable to type 'void'.
components/admin/CollapsibleForm.test.tsx(1103,11): error TS2322: Type 'Mock<Promise<unknown>, [], any>' is not assignable to type '(data: { name: string; email: string; age: string; description?: string | undefined; }) => Promise<void>'.
  Type 'Promise<unknown>' is not assignable to type 'Promise<void>'.
    Type 'unknown' is not assignable to type 'void'.
components/admin/ReferenceLookup.test.tsx(74,15): error TS2322: Type '{ entityTypes: readonly ["event", "activity", "content_page"]; onSelect: Mock<any, any, any>; }' is not assignable to type 'ReferenceLookupProps'.
  Types of property 'entityTypes' are incompatible.
    The type 'readonly ["event", "activity", "content_page"]' is 'readonly' and cannot be assigned to the mutable type '("event" | "activity" | "accommodation" | "room_type" | "content_page")[]'.
components/admin/ReferenceLookup.test.tsx(82,15): error TS2322: Type '{ placeholder: string; entityTypes: readonly ["event", "activity", "content_page"]; onSelect: Mock<any, any, any>; }' is not assignable to type 'ReferenceLookupProps'.
  Types of property 'entityTypes' are incompatible.
    The type 'readonly ["event", "activity", "content_page"]' is 'readonly' and cannot be assigned to the mutable type '("event" | "activity" | "accommodation" | "room_type" | "content_page")[]'.
components/admin/ReferenceLookup.test.tsx(89,15): error TS2322: Type '{ entityTypes: readonly ["event", "activity", "content_page"]; onSelect: Mock<any, any, any>; }' is not assignable to type 'ReferenceLookupProps'.
  Types of property 'entityTypes' are incompatible.
    The type 'readonly ["event", "activity", "content_page"]' is 'readonly' and cannot be assigned to the mutable type '("event" | "activity" | "accommodation" | "room_type" | "content_page")[]'.
components/admin/ReferenceLookup.test.tsx(125,15): error TS2322: Type '{ entityTypes: readonly ["event", "activity", "content_page"]; onSelect: Mock<any, any, any>; }' is not assignable to type 'ReferenceLookupProps'.
  Types of property 'entityTypes' are incompatible.
    The type 'readonly ["event", "activity", "content_page"]' is 'readonly' and cannot be assigned to the mutable type '("event" | "activity" | "accommodation" | "room_type" | "content_page")[]'.
components/admin/ReferenceLookup.test.tsx(148,15): error TS2322: Type '{ entityTypes: readonly ["event", "activity", "content_page"]; onSelect: Mock<any, any, any>; }' is not assignable to type 'ReferenceLookupProps'.
  Types of property 'entityTypes' are incompatible.
    The type 'readonly ["event", "activity", "content_page"]' is 'readonly' and cannot be assigned to the mutable type '("event" | "activity" | "accommodation" | "room_type" | "content_page")[]'.
components/admin/ReferenceLookup.test.tsx(169,15): error TS2322: Type '{ entityTypes: readonly ["event", "activity", "content_page"]; onSelect: Mock<any, any, any>; }' is not assignable to type 'ReferenceLookupProps'.
  Types of property 'entityTypes' are incompatible.
    The type 'readonly ["event", "activity", "content_page"]' is 'readonly' and cannot be assigned to the mutable type '("event" | "activity" | "accommodation" | "room_type" | "content_page")[]'.
components/admin/ReferenceLookup.test.tsx(190,15): error TS2322: Type '{ entityTypes: readonly ["event", "activity", "content_page"]; onSelect: Mock<any, any, any>; }' is not assignable to type 'ReferenceLookupProps'.
  Types of property 'entityTypes' are incompatible.
    The type 'readonly ["event", "activity", "content_page"]' is 'readonly' and cannot be assigned to the mutable type '("event" | "activity" | "accommodation" | "room_type" | "content_page")[]'.
components/admin/ReferenceLookup.test.tsx(204,15): error TS2322: Type '{ entityTypes: readonly ["event", "activity", "content_page"]; onSelect: Mock<any, any, any>; }' is not assignable to type 'ReferenceLookupProps'.
  Types of property 'entityTypes' are incompatible.
    The type 'readonly ["event", "activity", "content_page"]' is 'readonly' and cannot be assigned to the mutable type '("event" | "activity" | "accommodation" | "room_type" | "content_page")[]'.
components/admin/ReferenceLookup.test.tsx(221,15): error TS2322: Type '{ entityTypes: readonly ["event", "activity", "content_page"]; onSelect: Mock<any, any, any>; }' is not assignable to type 'ReferenceLookupProps'.
  Types of property 'entityTypes' are incompatible.
    The type 'readonly ["event", "activity", "content_page"]' is 'readonly' and cannot be assigned to the mutable type '("event" | "activity" | "accommodation" | "room_type" | "content_page")[]'.
components/admin/ReferenceLookup.test.tsx(241,15): error TS2322: Type '{ entityTypes: readonly ["event", "activity", "content_page"]; onSelect: Mock<any, any, any>; }' is not assignable to type 'ReferenceLookupProps'.
  Types of property 'entityTypes' are incompatible.
    The type 'readonly ["event", "activity", "content_page"]' is 'readonly' and cannot be assigned to the mutable type '("event" | "activity" | "accommodation" | "room_type" | "content_page")[]'.
components/admin/ReferenceLookup.test.tsx(257,15): error TS2322: Type '{ entityTypes: readonly ["event", "activity", "content_page"]; onSelect: Mock<any, any, any>; }' is not assignable to type 'ReferenceLookupProps'.
  Types of property 'entityTypes' are incompatible.
    The type 'readonly ["event", "activity", "content_page"]' is 'readonly' and cannot be assigned to the mutable type '("event" | "activity" | "accommodation" | "room_type" | "content_page")[]'.
components/admin/ReferenceLookup.test.tsx(287,15): error TS2322: Type '{ entityTypes: readonly ["event", "activity", "content_page"]; onSelect: Mock<any, any, any>; }' is not assignable to type 'ReferenceLookupProps'.
  Types of property 'entityTypes' are incompatible.
    The type 'readonly ["event", "activity", "content_page"]' is 'readonly' and cannot be assigned to the mutable type '("event" | "activity" | "accommodation" | "room_type" | "content_page")[]'.
components/admin/ReferenceLookup.test.tsx(323,15): error TS2322: Type '{ entityTypes: readonly ["event", "activity", "content_page"]; onSelect: Mock<any, any, any>; }' is not assignable to type 'ReferenceLookupProps'.
  Types of property 'entityTypes' are incompatible.
    The type 'readonly ["event", "activity", "content_page"]' is 'readonly' and cannot be assigned to the mutable type '("event" | "activity" | "accommodation" | "room_type" | "content_page")[]'.
components/admin/ReferenceLookup.test.tsx(341,15): error TS2322: Type '{ entityTypes: readonly ["event", "activity", "content_page"]; onSelect: Mock<any, any, any>; }' is not assignable to type 'ReferenceLookupProps'.
  Types of property 'entityTypes' are incompatible.
    The type 'readonly ["event", "activity", "content_page"]' is 'readonly' and cannot be assigned to the mutable type '("event" | "activity" | "accommodation" | "room_type" | "content_page")[]'.
components/admin/ReferenceLookup.test.tsx(427,15): error TS2322: Type '{ excludeIds: string[]; entityTypes: readonly ["event", "activity", "content_page"]; onSelect: Mock<any, any, any>; }' is not assignable to type 'ReferenceLookupProps'.
  Types of property 'entityTypes' are incompatible.
    The type 'readonly ["event", "activity", "content_page"]' is 'readonly' and cannot be assigned to the mutable type '("event" | "activity" | "accommodation" | "room_type" | "content_page")[]'.
components/admin/ReferenceLookup.test.tsx(448,15): error TS2322: Type '{ entityTypes: readonly ["event", "activity", "content_page"]; onSelect: Mock<any, any, any>; }' is not assignable to type 'ReferenceLookupProps'.
  Types of property 'entityTypes' are incompatible.
    The type 'readonly ["event", "activity", "content_page"]' is 'readonly' and cannot be assigned to the mutable type '("event" | "activity" | "accommodation" | "room_type" | "content_page")[]'.
components/admin/ReferenceLookup.test.tsx(466,15): error TS2322: Type '{ entityTypes: readonly ["event", "activity", "content_page"]; onSelect: Mock<any, any, any>; }' is not assignable to type 'ReferenceLookupProps'.
  Types of property 'entityTypes' are incompatible.
    The type 'readonly ["event", "activity", "content_page"]' is 'readonly' and cannot be assigned to the mutable type '("event" | "activity" | "accommodation" | "room_type" | "content_page")[]'.
components/admin/ReferenceLookup.test.tsx(486,15): error TS2322: Type '{ entityTypes: readonly ["event", "activity", "content_page"]; onSelect: Mock<any, any, any>; }' is not assignable to type 'ReferenceLookupProps'.
  Types of property 'entityTypes' are incompatible.
    The type 'readonly ["event", "activity", "content_page"]' is 'readonly' and cannot be assigned to the mutable type '("event" | "activity" | "accommodation" | "room_type" | "content_page")[]'.
components/admin/ReferenceLookup.test.tsx(516,15): error TS2322: Type '{ entityTypes: readonly ["event", "activity", "content_page"]; onSelect: Mock<any, any, any>; }' is not assignable to type 'ReferenceLookupProps'.
  Types of property 'entityTypes' are incompatible.
    The type 'readonly ["event", "activity", "content_page"]' is 'readonly' and cannot be assigned to the mutable type '("event" | "activity" | "accommodation" | "room_type" | "content_page")[]'.
components/admin/ReferenceLookup.test.tsx(543,15): error TS2322: Type '{ entityTypes: readonly ["event", "activity", "content_page"]; onSelect: Mock<any, any, any>; }' is not assignable to type 'ReferenceLookupProps'.
  Types of property 'entityTypes' are incompatible.
    The type 'readonly ["event", "activity", "content_page"]' is 'readonly' and cannot be assigned to the mutable type '("event" | "activity" | "accommodation" | "room_type" | "content_page")[]'.
components/admin/ReferenceLookup.test.tsx(573,15): error TS2322: Type '{ entityTypes: readonly ["event", "activity", "content_page"]; onSelect: Mock<any, any, any>; }' is not assignable to type 'ReferenceLookupProps'.
  Types of property 'entityTypes' are incompatible.
    The type 'readonly ["event", "activity", "content_page"]' is 'readonly' and cannot be assigned to the mutable type '("event" | "activity" | "accommodation" | "room_type" | "content_page")[]'.
components/admin/ReferenceLookup.test.tsx(601,15): error TS2322: Type '{ entityTypes: readonly ["event", "activity", "content_page"]; onSelect: Mock<any, any, any>; }' is not assignable to type 'ReferenceLookupProps'.
  Types of property 'entityTypes' are incompatible.
    The type 'readonly ["event", "activity", "content_page"]' is 'readonly' and cannot be assigned to the mutable type '("event" | "activity" | "accommodation" | "room_type" | "content_page")[]'.
components/admin/ReferenceLookup.test.tsx(630,15): error TS2322: Type '{ entityTypes: readonly ["event", "activity", "content_page"]; onSelect: Mock<any, any, any>; }' is not assignable to type 'ReferenceLookupProps'.
  Types of property 'entityTypes' are incompatible.
    The type 'readonly ["event", "activity", "content_page"]' is 'readonly' and cannot be assigned to the mutable type '("event" | "activity" | "accommodation" | "room_type" | "content_page")[]'.
components/admin/ReferenceLookup.test.tsx(651,15): error TS2322: Type '{ entityTypes: readonly ["event", "activity", "content_page"]; onSelect: Mock<any, any, any>; }' is not assignable to type 'ReferenceLookupProps'.
  Types of property 'entityTypes' are incompatible.
    The type 'readonly ["event", "activity", "content_page"]' is 'readonly' and cannot be assigned to the mutable type '("event" | "activity" | "accommodation" | "room_type" | "content_page")[]'.
components/admin/ReferenceLookup.test.tsx(676,15): error TS2322: Type '{ entityTypes: readonly ["event", "activity", "content_page"]; onSelect: Mock<any, any, any>; }' is not assignable to type 'ReferenceLookupProps'.
  Types of property 'entityTypes' are incompatible.
    The type 'readonly ["event", "activity", "content_page"]' is 'readonly' and cannot be assigned to the mutable type '("event" | "activity" | "accommodation" | "room_type" | "content_page")[]'.
components/admin/ReferenceLookup.test.tsx(699,15): error TS2322: Type '{ entityTypes: readonly ["event", "activity", "content_page"]; onSelect: Mock<any, any, any>; }' is not assignable to type 'ReferenceLookupProps'.
  Types of property 'entityTypes' are incompatible.
    The type 'readonly ["event", "activity", "content_page"]' is 'readonly' and cannot be assigned to the mutable type '("event" | "activity" | "accommodation" | "room_type" | "content_page")[]'.
components/admin/ReferenceLookup.test.tsx(728,15): error TS2322: Type '{ entityTypes: readonly ["event", "activity", "content_page"]; onSelect: Mock<any, any, any>; }' is not assignable to type 'ReferenceLookupProps'.
  Types of property 'entityTypes' are incompatible.
    The type 'readonly ["event", "activity", "content_page"]' is 'readonly' and cannot be assigned to the mutable type '("event" | "activity" | "accommodation" | "room_type" | "content_page")[]'.
components/admin/ReferenceLookup.test.tsx(757,15): error TS2322: Type '{ entityTypes: readonly ["event", "activity", "content_page"]; onSelect: Mock<any, any, any>; }' is not assignable to type 'ReferenceLookupProps'.
  Types of property 'entityTypes' are incompatible.
    The type 'readonly ["event", "activity", "content_page"]' is 'readonly' and cannot be assigned to the mutable type '("event" | "activity" | "accommodation" | "room_type" | "content_page")[]'.
components/admin/ReferenceLookup.test.tsx(784,15): error TS2322: Type '{ entityTypes: readonly ["event", "activity", "content_page"]; onSelect: Mock<any, any, any>; }' is not assignable to type 'ReferenceLookupProps'.
  Types of property 'entityTypes' are incompatible.
    The type 'readonly ["event", "activity", "content_page"]' is 'readonly' and cannot be assigned to the mutable type '("event" | "activity" | "accommodation" | "room_type" | "content_page")[]'.
components/admin/ReferenceLookup.test.tsx(807,15): error TS2322: Type '{ entityTypes: readonly ["event", "activity", "content_page"]; onSelect: Mock<any, any, any>; }' is not assignable to type 'ReferenceLookupProps'.
  Types of property 'entityTypes' are incompatible.
    The type 'readonly ["event", "activity", "content_page"]' is 'readonly' and cannot be assigned to the mutable type '("event" | "activity" | "accommodation" | "room_type" | "content_page")[]'.
components/admin/ReferenceLookup.test.tsx(830,15): error TS2322: Type '{ entityTypes: readonly ["event", "activity", "content_page"]; onSelect: Mock<any, any, any>; }' is not assignable to type 'ReferenceLookupProps'.
  Types of property 'entityTypes' are incompatible.
    The type 'readonly ["event", "activity", "content_page"]' is 'readonly' and cannot be assigned to the mutable type '("event" | "activity" | "accommodation" | "room_type" | "content_page")[]'.
components/admin/ReferenceLookup.test.tsx(867,15): error TS2322: Type '{ entityTypes: readonly ["event", "activity", "content_page"]; onSelect: Mock<any, any, any>; }' is not assignable to type 'ReferenceLookupProps'.
  Types of property 'entityTypes' are incompatible.
    The type 'readonly ["event", "activity", "content_page"]' is 'readonly' and cannot be assigned to the mutable type '("event" | "activity" | "accommodation" | "room_type" | "content_page")[]'.
components/admin/ReferenceLookup.test.tsx(937,15): error TS2322: Type '{ entityTypes: readonly ["event", "activity", "content_page"]; onSelect: Mock<any, any, any>; }' is not assignable to type 'ReferenceLookupProps'.
  Types of property 'entityTypes' are incompatible.
    The type 'readonly ["event", "activity", "content_page"]' is 'readonly' and cannot be assigned to the mutable type '("event" | "activity" | "accommodation" | "room_type" | "content_page")[]'.
components/admin/ReferenceLookup.test.tsx(961,15): error TS2322: Type '{ entityTypes: readonly ["event", "activity", "content_page"]; onSelect: Mock<any, any, any>; }' is not assignable to type 'ReferenceLookupProps'.
  Types of property 'entityTypes' are incompatible.
    The type 'readonly ["event", "activity", "content_page"]' is 'readonly' and cannot be assigned to the mutable type '("event" | "activity" | "accommodation" | "room_type" | "content_page")[]'.
components/admin/ReferenceLookup.test.tsx(992,12): error TS2322: Type '{ entityTypes: readonly ["event", "activity", "content_page"]; onSelect: Mock<any, any, any>; }' is not assignable to type 'ReferenceLookupProps'.
  Types of property 'entityTypes' are incompatible.
    The type 'readonly ["event", "activity", "content_page"]' is 'readonly' and cannot be assigned to the mutable type '("event" | "activity" | "accommodation" | "room_type" | "content_page")[]'.
components/admin/ReferenceLookup.test.tsx(1018,15): error TS2322: Type '{ entityTypes: readonly ["event", "activity", "content_page"]; onSelect: Mock<any, any, any>; }' is not assignable to type 'ReferenceLookupProps'.
  Types of property 'entityTypes' are incompatible.
    The type 'readonly ["event", "activity", "content_page"]' is 'readonly' and cannot be assigned to the mutable type '("event" | "activity" | "accommodation" | "room_type" | "content_page")[]'.
components/admin/ReferenceLookup.test.tsx(1043,15): error TS2322: Type '{ entityTypes: readonly ["event", "activity", "content_page"]; onSelect: Mock<any, any, any>; }' is not assignable to type 'ReferenceLookupProps'.
  Types of property 'entityTypes' are incompatible.
    The type 'readonly ["event", "activity", "content_page"]' is 'readonly' and cannot be assigned to the mutable type '("event" | "activity" | "accommodation" | "room_type" | "content_page")[]'.
components/admin/ReferenceLookup.test.tsx(1063,15): error TS2322: Type '{ entityTypes: readonly ["event", "activity", "content_page"]; onSelect: Mock<any, any, any>; }' is not assignable to type 'ReferenceLookupProps'.
  Types of property 'entityTypes' are incompatible.
    The type 'readonly ["event", "activity", "content_page"]' is 'readonly' and cannot be assigned to the mutable type '("event" | "activity" | "accommodation" | "room_type" | "content_page")[]'.
components/admin/ReferenceLookup.test.tsx(1085,15): error TS2322: Type '{ entityTypes: readonly ["event", "activity", "content_page"]; onSelect: Mock<any, any, any>; }' is not assignable to type 'ReferenceLookupProps'.
  Types of property 'entityTypes' are incompatible.
    The type 'readonly ["event", "activity", "content_page"]' is 'readonly' and cannot be assigned to the mutable type '("event" | "activity" | "accommodation" | "room_type" | "content_page")[]'.
components/admin/ReferenceLookup.test.tsx(1096,15): error TS2322: Type '{ entityTypes: readonly ["event", "activity", "content_page"]; onSelect: Mock<any, any, any>; }' is not assignable to type 'ReferenceLookupProps'.
  Types of property 'entityTypes' are incompatible.
    The type 'readonly ["event", "activity", "content_page"]' is 'readonly' and cannot be assigned to the mutable type '("event" | "activity" | "accommodation" | "room_type" | "content_page")[]'.
components/admin/ReferenceLookup.test.tsx(1114,15): error TS2322: Type '{ entityTypes: readonly ["event", "activity", "content_page"]; onSelect: Mock<any, any, any>; }' is not assignable to type 'ReferenceLookupProps'.
  Types of property 'entityTypes' are incompatible.
    The type 'readonly ["event", "activity", "content_page"]' is 'readonly' and cannot be assigned to the mutable type '("event" | "activity" | "accommodation" | "room_type" | "content_page")[]'.
components/admin/ReferenceLookup.test.tsx(1133,15): error TS2322: Type '{ entityTypes: readonly ["event", "activity", "content_page"]; onSelect: Mock<any, any, any>; }' is not assignable to type 'ReferenceLookupProps'.
  Types of property 'entityTypes' are incompatible.
    The type 'readonly ["event", "activity", "content_page"]' is 'readonly' and cannot be assigned to the mutable type '("event" | "activity" | "accommodation" | "room_type" | "content_page")[]'.
components/admin/ReferenceLookup.test.tsx(1144,15): error TS2322: Type '{ entityTypes: readonly ["event", "activity", "content_page"]; onSelect: Mock<any, any, any>; }' is not assignable to type 'ReferenceLookupProps'.
  Types of property 'entityTypes' are incompatible.
    The type 'readonly ["event", "activity", "content_page"]' is 'readonly' and cannot be assigned to the mutable type '("event" | "activity" | "accommodation" | "room_type" | "content_page")[]'.
components/admin/ReferenceLookup.test.tsx(1167,35): error TS2322: Type '{ entityTypes: readonly ["event", "activity", "content_page"]; onSelect: Mock<any, any, any>; }' is not assignable to type 'ReferenceLookupProps'.
  Types of property 'entityTypes' are incompatible.
    The type 'readonly ["event", "activity", "content_page"]' is 'readonly' and cannot be assigned to the mutable type '("event" | "activity" | "accommodation" | "room_type" | "content_page")[]'.
components/admin/ReferenceLookup.test.tsx(1187,35): error TS2322: Type '{ entityTypes: readonly ["event", "activity", "content_page"]; onSelect: Mock<any, any, any>; }' is not assignable to type 'ReferenceLookupProps'.
  Types of property 'entityTypes' are incompatible.
    The type 'readonly ["event", "activity", "content_page"]' is 'readonly' and cannot be assigned to the mutable type '("event" | "activity" | "accommodation" | "room_type" | "content_page")[]'.
components/admin/ReferenceLookup.tsx(49,27): error TS2503: Cannot find namespace 'JSX'.
components/admin/SectionEditor.tsx(622,27): error TS2769: No overload matches this call.
  Overload 1 of 2, '(props: PhotoPickerProps, context?: any): string | number | bigint | boolean | ReactElement<unknown, string | JSXElementConstructor<any>> | ... 4 more ... | undefined', gave the following error.
    Type '"event" | "custom" | "activity" | "accommodation" | "room_type" | "memory"' is not assignable to type '"event" | "activity" | "accommodation" | "memory" | undefined'.
      Type '"custom"' is not assignable to type '"event" | "activity" | "accommodation" | "memory" | undefined'.
  Overload 2 of 2, '(props: PhotoPickerProps): string | number | bigint | boolean | ReactElement<unknown, string | JSXElementConstructor<any>> | ... 4 more ... | undefined', gave the following error.
    Type '"event" | "custom" | "activity" | "accommodation" | "room_type" | "memory"' is not assignable to type '"event" | "activity" | "accommodation" | "memory" | undefined'.
      Type '"custom"' is not assignable to type '"event" | "activity" | "accommodation" | "memory" | undefined'.
components/ui/ConfirmDialog.property.test.tsx(473,17): error TS2322: Type 'string' is not assignable to type '"warning" | "danger" | undefined'.
components/ui/ErrorFeedback.test.tsx(31,53): error TS2339: Property 'toBeInTheDocument' does not exist on type 'Matchers<void, HTMLElement> & SnapshotMatchers<void, HTMLElement> & Inverse<JestMatchers<void, HTMLElement>> & PromiseMatchers<...>'.
components/ui/ErrorFeedback.test.tsx(32,42): error TS2339: Property 'toBeInTheDocument' does not exist on type 'Matchers<void, HTMLElement> & SnapshotMatchers<void, HTMLElement> & Inverse<JestMatchers<void, HTMLElement>> & PromiseMatchers<...>'.
components/ui/ErrorFeedback.test.tsx(33,56): error TS2339: Property 'toBeInTheDocument' does not exist on type 'Matchers<void, HTMLElement> & SnapshotMatchers<void, HTMLElement> & Inverse<JestMatchers<void, HTMLElement>> & PromiseMatchers<...>'.
components/ui/ErrorFeedback.test.tsx(34,47): error TS2339: Property 'toBeInTheDocument' does not exist on type 'Matchers<void, HTMLElement> & SnapshotMatchers<void, HTMLElement> & Inverse<JestMatchers<void, HTMLElement>> & PromiseMatchers<...>'.
components/ui/ErrorFeedback.test.tsx(35,44): error TS2339: Property 'toBeInTheDocument' does not exist on type 'Matchers<void, HTMLElement> & SnapshotMatchers<void, HTMLElement> & Inverse<JestMatchers<void, HTMLElement>> & PromiseMatchers<...>'.
components/ui/ErrorFeedback.test.tsx(47,56): error TS2339: Property 'toBeInTheDocument' does not exist on type 'Matchers<void, HTMLElement> & SnapshotMatchers<void, HTMLElement> & Inverse<JestMatchers<void, HTMLElement>> & PromiseMatchers<...>'.
components/ui/ErrorFeedback.test.tsx(57,59): error TS2339: Property 'toBeInTheDocument' does not exist on type 'Matchers<void, HTMLElement> & SnapshotMatchers<void, HTMLElement> & Inverse<JestMatchers<void, HTMLElement>> & PromiseMatchers<...>'.
components/ui/ErrorFeedback.test.tsx(74,21): error TS2339: Property 'toHaveAttribute' does not exist on type 'Matchers<void, HTMLElement> & SnapshotMatchers<void, HTMLElement> & Inverse<JestMatchers<void, HTMLElement>> & PromiseMatchers<...>'.
components/ui/ErrorFeedback.test.tsx(87,83): error TS2339: Property 'toBeInTheDocument' does not exist on type 'Matchers<void, HTMLElement> & SnapshotMatchers<void, HTMLElement> & Inverse<JestMatchers<void, HTMLElement>> & PromiseMatchers<...>'.
components/ui/ErrorFeedback.test.tsx(98,81): error TS2339: Property 'toBeInTheDocument' does not exist on type 'Matchers<void, HTMLElement> & SnapshotMatchers<void, HTMLElement> & Inverse<JestMatchers<void, HTMLElement>> & PromiseMatchers<...>'.
components/ui/ErrorFeedback.test.tsx(109,61): error TS2339: Property 'toBeInTheDocument' does not exist on type 'Matchers<void, HTMLElement> & SnapshotMatchers<void, HTMLElement> & Inverse<JestMatchers<void, HTMLElement>> & PromiseMatchers<...>'.
components/ui/ErrorFeedback.test.tsx(120,74): error TS2339: Property 'toBeInTheDocument' does not exist on type 'Matchers<void, HTMLElement> & SnapshotMatchers<void, HTMLElement> & Inverse<JestMatchers<void, HTMLElement>> & PromiseMatchers<...>'.
components/ui/ErrorFeedback.test.tsx(131,80): error TS2339: Property 'toBeInTheDocument' does not exist on type 'Matchers<void, HTMLElement> & SnapshotMatchers<void, HTMLElement> & Inverse<JestMatchers<void, HTMLElement>> & PromiseMatchers<...>'.
components/ui/ErrorFeedback.test.tsx(142,57): error TS2339: Property 'toBeInTheDocument' does not exist on type 'Matchers<void, HTMLElement> & SnapshotMatchers<void, HTMLElement> & Inverse<JestMatchers<void, HTMLElement>> & PromiseMatchers<...>'.
components/ui/ErrorFeedback.test.tsx(154,21): error TS2339: Property 'toHaveAttribute' does not exist on type 'Matchers<void, HTMLElement> & SnapshotMatchers<void, HTMLElement> & Inverse<JestMatchers<void, HTMLElement>> & PromiseMatchers<...>'.
components/ui/ErrorFeedback.test.tsx(173,56): error TS2339: Property 'toBeInTheDocument' does not exist on type 'Matchers<void, HTMLElement> & SnapshotMatchers<void, HTMLElement> & Inverse<JestMatchers<void, HTMLElement>> & PromiseMatchers<...>'.
components/ui/ErrorFeedback.test.tsx(174,79): error TS2339: Property 'toBeInTheDocument' does not exist on type 'Matchers<void, HTMLElement> & SnapshotMatchers<void, HTMLElement> & Inverse<JestMatchers<void, HTMLElement>> & PromiseMatchers<...>'.
components/ui/ErrorFeedback.test.tsx(175,44): error TS2339: Property 'toBeInTheDocument' does not exist on type 'Matchers<void, HTMLElement> & SnapshotMatchers<void, HTMLElement> & Inverse<JestMatchers<void, HTMLElement>> & PromiseMatchers<...>'.
components/ui/ErrorFeedback.test.tsx(176,51): error TS2339: Property 'toBeInTheDocument' does not exist on type 'Matchers<void, HTMLElement> & SnapshotMatchers<void, HTMLElement> & Inverse<JestMatchers<void, HTMLElement>> & PromiseMatchers<...>'.
components/ui/ErrorFeedback.test.tsx(191,45): error TS2339: Property 'toBeInTheDocument' does not exist on type 'Matchers<void, HTMLElement> & SnapshotMatchers<void, HTMLElement> & Inverse<JestMatchers<void, HTMLElement>> & PromiseMatchers<...>'.
components/ui/ErrorFeedback.test.tsx(192,53): error TS2339: Property 'toBeInTheDocument' does not exist on type 'Matchers<void, HTMLElement> & SnapshotMatchers<void, HTMLElement> & Inverse<JestMatchers<void, HTMLElement>> & PromiseMatchers<...>'.
components/ui/ErrorFeedback.test.tsx(207,42): error TS2339: Property 'toBeInTheDocument' does not exist on type 'Matchers<void, HTMLElement> & SnapshotMatchers<void, HTMLElement> & Inverse<JestMatchers<void, HTMLElement>> & PromiseMatchers<...>'.
components/ui/ErrorFeedback.test.tsx(208,51): error TS2339: Property 'toBeInTheDocument' does not exist on type 'JestMatchers<void, HTMLElement | null>'.
components/ui/ErrorFeedback.test.tsx(224,21): error TS2339: Property 'toHaveAttribute' does not exist on type 'Matchers<void, HTMLElement> & SnapshotMatchers<void, HTMLElement> & Inverse<JestMatchers<void, HTMLElement>> & PromiseMatchers<...>'.
components/ui/ErrorFeedback.test.tsx(240,64): error TS2339: Property 'toBeInTheDocument' does not exist on type 'Matchers<void, HTMLElement> & SnapshotMatchers<void, HTMLElement> & Inverse<JestMatchers<void, HTMLElement>> & PromiseMatchers<...>'.
components/ui/ErrorFeedback.test.tsx(241,85): error TS2339: Property 'toBeInTheDocument' does not exist on type 'Matchers<void, HTMLElement> & SnapshotMatchers<void, HTMLElement> & Inverse<JestMatchers<void, HTMLElement>> & PromiseMatchers<...>'.
components/ui/ErrorFeedback.test.tsx(247,42): error TS2339: Property 'toBeInTheDocument' does not exist on type 'Matchers<void, HTMLElement> & SnapshotMatchers<void, HTMLElement> & Inverse<JestMatchers<void, HTMLElement>> & PromiseMatchers<...>'.
components/ui/ErrorFeedback.test.tsx(248,42): error TS2339: Property 'toBeInTheDocument' does not exist on type 'Matchers<void, HTMLElement> & SnapshotMatchers<void, HTMLElement> & Inverse<JestMatchers<void, HTMLElement>> & PromiseMatchers<...>'.
components/ui/ErrorFeedback.test.tsx(249,50): error TS2339: Property 'toBeInTheDocument' does not exist on type 'Matchers<void, HTMLElement> & SnapshotMatchers<void, HTMLElement> & Inverse<JestMatchers<void, HTMLElement>> & PromiseMatchers<...>'.
components/ui/ErrorFeedback.test.tsx(277,21): error TS2339: Property 'toHaveAttribute' does not exist on type 'Matchers<void, HTMLElement> & SnapshotMatchers<void, HTMLElement> & Inverse<JestMatchers<void, HTMLElement>> & PromiseMatchers<...>'.
components/ui/ErrorFeedback.test.tsx(292,60): error TS2339: Property 'toBeInTheDocument' does not exist on type 'Matchers<void, HTMLElement> & SnapshotMatchers<void, HTMLElement> & Inverse<JestMatchers<void, HTMLElement>> & PromiseMatchers<...>'.
components/ui/ErrorFeedback.test.tsx(320,45): error TS2339: Property 'toBeInTheDocument' does not exist on type 'Matchers<void, HTMLElement> & SnapshotMatchers<void, HTMLElement> & Inverse<JestMatchers<void, HTMLElement>> & PromiseMatchers<...>'.
components/ui/ErrorFeedback.test.tsx(321,50): error TS2339: Property 'toBeInTheDocument' does not exist on type 'Matchers<void, HTMLElement> & SnapshotMatchers<void, HTMLElement> & Inverse<JestMatchers<void, HTMLElement>> & PromiseMatchers<...>'.
components/ui/ErrorFeedback.test.tsx(322,44): error TS2339: Property 'toBeInTheDocument' does not exist on type 'Matchers<void, HTMLElement> & SnapshotMatchers<void, HTMLElement> & Inverse<JestMatchers<void, HTMLElement>> & PromiseMatchers<...>'.
components/ui/ErrorFeedback.test.tsx(323,49): error TS2339: Property 'toBeInTheDocument' does not exist on type 'Matchers<void, HTMLElement> & SnapshotMatchers<void, HTMLElement> & Inverse<JestMatchers<void, HTMLElement>> & PromiseMatchers<...>'.
components/ui/ErrorFeedback.test.tsx(324,44): error TS2339: Property 'toBeInTheDocument' does not exist on type 'Matchers<void, HTMLElement> & SnapshotMatchers<void, HTMLElement> & Inverse<JestMatchers<void, HTMLElement>> & PromiseMatchers<...>'.
components/ui/ErrorFeedback.test.tsx(325,51): error TS2339: Property 'toBeInTheDocument' does not exist on type 'Matchers<void, HTMLElement> & SnapshotMatchers<void, HTMLElement> & Inverse<JestMatchers<void, HTMLElement>> & PromiseMatchers<...>'.
components/ui/ErrorFeedback.test.tsx(350,45): error TS2339: Property 'toBeInTheDocument' does not exist on type 'Matchers<void, HTMLElement> & SnapshotMatchers<void, HTMLElement> & Inverse<JestMatchers<void, HTMLElement>> & PromiseMatchers<...>'.
components/ui/ErrorFeedback.test.tsx(365,22): error TS2339: Property 'toHaveAttribute' does not exist on type 'Matchers<void, HTMLElement> & SnapshotMatchers<void, HTMLElement> & Inverse<JestMatchers<void, HTMLElement>> & PromiseMatchers<...>'.
hooks/useMemoizedComputation.ts(140,31): error TS2677: A type predicate's type must be assignable to its parameter's type.
  Type 'number' is not assignable to type 'T[keyof T]'.
    'T[keyof T]' could be instantiated with an arbitrary type which could be unrelated to 'number'.
hooks/useMemoizedComputation.ts(147,47): error TS2365: Operator '+' cannot be applied to types 'number' and 'T[keyof T]'.
hooks/useMemoizedComputation.ts(149,28): error TS2345: Argument of type 'T[keyof T]' is not assignable to parameter of type 'number'.
  Type 'T[string] | T[number] | T[symbol]' is not assignable to type 'number'.
    Type 'T[string]' is not assignable to type 'number'.
hooks/useMemoizedComputation.ts(150,28): error TS2345: Argument of type 'T[keyof T]' is not assignable to parameter of type 'number'.
  Type 'T[string] | T[number] | T[symbol]' is not assignable to type 'number'.
    Type 'T[string]' is not assignable to type 'number'.
services/accessControlService.property.test.ts(60,13): error TS2322: Type 'string' is not assignable to type 'UserRole'.
services/accessControlService.property.test.ts(62,13): error TS2322: Type 'string' is not assignable to type '"create" | "delete" | "update" | "read"'.
services/accessControlService.property.test.ts(130,69): error TS2345: Argument of type 'string' is not assignable to parameter of type 'UserRole'.
services/accessControlService.property.test.ts(214,73): error TS2345: Argument of type 'string' is not assignable to parameter of type 'UserRole'.
services/accessControlService.property.test.ts(253,58): error TS2345: Argument of type 'string' is not assignable to parameter of type '"super_admin" | "host" | "guest"'.
services/accessControlService.property.test.ts(279,13): error TS2322: Type 'string' is not assignable to type 'UserRole'.
services/accessControlService.property.test.ts(281,13): error TS2322: Type 'string' is not assignable to type '"create" | "delete" | "update" | "read"'.
services/accessControlService.property.test.ts(286,13): error TS2322: Type 'string' is not assignable to type 'UserRole'.
services/accessControlService.property.test.ts(288,13): error TS2322: Type 'string' is not assignable to type '"create" | "delete" | "update" | "read"'.
services/accessControlService.property.test.ts(325,13): error TS2322: Type 'string' is not assignable to type '"create" | "delete" | "update" | "read"'.
services/accessControlService.property.test.ts(367,13): error TS2322: Type 'string' is not assignable to type '"create" | "delete" | "update" | "read"'.
services/accessControlService.property.test.ts(374,13): error TS2322: Type 'string' is not assignable to type '"create" | "delete" | "update" | "read"'.
services/accessControlService.property.test.ts(381,13): error TS2322: Type 'string' is not assignable to type '"create" | "delete" | "update" | "read"'.
services/adultFamilyMemberAccess.property.test.ts(150,26): error TS1320: Type of 'await' operand must either be a valid promise or must not contain a callable 'then' member.
services/adultFamilyMemberAccess.property.test.ts(243,26): error TS1320: Type of 'await' operand must either be a valid promise or must not contain a callable 'then' member.
services/adultFamilyMemberAccess.property.test.ts(302,26): error TS1320: Type of 'await' operand must either be a valid promise or must not contain a callable 'then' member.
services/auditLogCreation.property.test.ts(94,69): error TS2345: Argument of type '{ user_id: string | null; user_email: string | null; entity_type: string; entity_id: string; operation_type: string; old_data: { id: string; name: string; email: string | null; created_at: string; } | null; new_data: { ...; } | null; ip_address: string | null; user_agent: string | null; }' is not assignable to parameter of type 'CreateAuditLogInput'.
  Types of property 'operation_type' are incompatible.
    Type 'string' is not assignable to type '"create" | "delete" | "update"'.
services/auditLogCreation.property.test.ts(218,15): error TS2322: Type 'string' is not assignable to type '"create" | "delete" | "update"'.
services/auditLogCreation.property.test.ts(270,15): error TS2322: Type 'string' is not assignable to type '"create" | "delete" | "update"'.
services/bulkOperationValidation.property.test.ts(133,49): error TS2345: Argument of type '{ data: { id: string; first_name: string; last_name: string; group_id: string; age_type: string; guest_type: string; invitation_sent: boolean; created_at: string; updated_at: string; }; error: null; }' is not assignable to parameter of type 'never'.
services/bulkOperationValidation.property.test.ts(153,49): error TS2345: Argument of type '{ data: { id: string; first_name: string; last_name: string; group_id: string; age_type: string; guest_type: string; invitation_sent: boolean; created_at: string; updated_at: string; }[]; error: null; }' is not assignable to parameter of type 'never'.
services/bulkOperationValidation.property.test.ts(197,60): error TS2345: Argument of type '{ firstName: string | null; lastName: string | null; email: string | null; phone: string | null; ageType: "adult" | "child" | "senior" | null; guestType: string | null; dietaryRestrictions: string | null; notes: string | null; }' is not assignable to parameter of type '{ firstName?: string | undefined; lastName?: string | undefined; email?: string | null | undefined; groupId?: string | undefined; phone?: string | null | undefined; ageType?: "adult" | "child" | "senior" | undefined; ... 11 more ...; notes?: string | ... 1 more ... | undefined; }'.
  Types of property 'firstName' are incompatible.
    Type 'string | null' is not assignable to type 'string | undefined'.
      Type 'null' is not assignable to type 'string | undefined'.
services/bulkOperationValidation.property.test.ts(226,68): error TS2345: Argument of type '{ firstName: string | null; lastName: string | null; email: string | null; phone: string | null; ageType: "adult" | "child" | "senior" | null; guestType: string | null; dietaryRestrictions: string | null; notes: string | null; }' is not assignable to parameter of type '{ firstName?: string | undefined; lastName?: string | undefined; email?: string | null | undefined; groupId?: string | undefined; phone?: string | null | undefined; ageType?: "adult" | "child" | "senior" | undefined; ... 11 more ...; notes?: string | ... 1 more ... | undefined; }'.
  Types of property 'firstName' are incompatible.
    Type 'string | null' is not assignable to type 'string | undefined'.
      Type 'null' is not assignable to type 'string | undefined'.
services/circularReferenceDetection.property.test.ts(55,49): error TS2345: Argument of type '{ data: { id: string; }[]; error: null; }' is not assignable to parameter of type 'never'.
services/circularReferenceDetection.property.test.ts(67,49): error TS2345: Argument of type '{ data: { section_id: string; content_type: string; content_data: { references: { type: string; id: string; }[]; }; }[]; error: null; }' is not assignable to parameter of type 'never'.
services/circularReferenceDetection.property.test.ts(89,49): error TS2345: Argument of type '{ data: { id: string; }[]; error: null; }' is not assignable to parameter of type 'never'.
services/circularReferenceDetection.property.test.ts(101,49): error TS2345: Argument of type '{ data: { section_id: string; content_type: string; content_data: { references: { type: string; id: string; }[]; }; }[]; error: null; }' is not assignable to parameter of type 'never'.
services/circularReferenceDetection.property.test.ts(159,49): error TS2345: Argument of type '{ data: { id: string; }[]; error: null; }' is not assignable to parameter of type 'never'.
services/circularReferenceDetection.property.test.ts(171,49): error TS2345: Argument of type '{ data: never[]; error: null; }' is not assignable to parameter of type 'never'.
services/circularReferenceDetection.property.test.ts(221,49): error TS2345: Argument of type '{ data: { id: string; }[]; error: null; }' is not assignable to parameter of type 'never'.
services/circularReferenceDetection.property.test.ts(234,49): error TS2345: Argument of type '{ data: never[]; error: null; }' is not assignable to parameter of type 'never'.
services/circularReferenceDetection.property.test.ts(283,49): error TS2345: Argument of type '{ data: { id: string; }[]; error: null; }' is not assignable to parameter of type 'never'.
services/circularReferenceDetection.property.test.ts(295,49): error TS2345: Argument of type '{ data: never[]; error: null; }' is not assignable to parameter of type 'never'.
services/contentPagesService.cascadeDeletion.property.test.ts(74,69): error TS2345: Argument of type '{ error: null; }' is not assignable to parameter of type 'never'.
services/contentPagesService.cascadeDeletion.property.test.ts(78,39): error TS2345: Argument of type '(table: string) => { delete: Mock<UnknownFunction>; eq: Mock<UnknownFunction>; } | { delete: Mock<UnknownFunction>; eq?: undefined; }' is not assignable to parameter of type 'UnknownFunction'.
  Types of parameters 'table' and 'args' are incompatible.
    Type 'unknown' is not assignable to type 'string'.
services/contentPagesService.cascadeDeletion.property.test.ts(88,51): error TS2345: Argument of type '{ error: null; }' is not assignable to parameter of type 'never'.
services/contentPagesService.cascadeDeletion.property.test.ts(140,39): error TS2345: Argument of type '(table: string) => { delete: Mock<UnknownFunction>; eq: Mock<UnknownFunction>; } | { delete: Mock<UnknownFunction>; eq?: undefined; }' is not assignable to parameter of type 'UnknownFunction'.
  Types of parameters 'table' and 'args' are incompatible.
    Type 'unknown' is not assignable to type 'string'.
services/contentPagesService.cascadeDeletion.property.test.ts(154,51): error TS2345: Argument of type '{ error: null; }' is not assignable to parameter of type 'never'.
services/contentPagesService.cascadeDeletion.property.test.ts(196,39): error TS2345: Argument of type '(table: string) => { delete: Mock<UnknownFunction>; eq: Mock<UnknownFunction>; } | { delete: Mock<UnknownFunction>; eq?: undefined; }' is not assignable to parameter of type 'UnknownFunction'.
  Types of parameters 'table' and 'args' are incompatible.
    Type 'unknown' is not assignable to type 'string'.
services/contentPagesService.cascadeDeletion.property.test.ts(216,51): error TS2345: Argument of type '{ error: null; }' is not assignable to parameter of type 'never'.
services/contentPagesService.cascadeDeletion.property.test.ts(255,39): error TS2345: Argument of type '(table: string) => { delete: Mock<UnknownFunction>; eq: Mock<UnknownFunction>; } | { delete: Mock<UnknownFunction>; eq?: undefined; }' is not assignable to parameter of type 'UnknownFunction'.
  Types of parameters 'table' and 'args' are incompatible.
    Type 'unknown' is not assignable to type 'string'.
services/contentPagesService.cascadeDeletion.property.test.ts(325,39): error TS2345: Argument of type '(table: string) => { delete: Mock<UnknownFunction>; eq: Mock<UnknownFunction>; } | { delete: Mock<UnknownFunction>; eq?: undefined; }' is not assignable to parameter of type 'UnknownFunction'.
  Types of parameters 'table' and 'args' are incompatible.
    Type 'unknown' is not assignable to type 'string'.
services/contentPagesService.cascadeDeletion.property.test.ts(337,51): error TS2345: Argument of type '{ error: null; }' is not assignable to parameter of type 'never'.
services/contentPagesService.cascadeDeletion.property.test.ts(363,39): error TS2345: Argument of type '(table: string) => { delete: Mock<UnknownFunction>; eq: Mock<UnknownFunction>; } | { delete: Mock<UnknownFunction>; eq?: undefined; }' is not assignable to parameter of type 'UnknownFunction'.
  Types of parameters 'table' and 'args' are incompatible.
    Type 'unknown' is not assignable to type 'string'.
services/contentPagesService.cascadeDeletion.property.test.ts(375,51): error TS2345: Argument of type '{ error: { message: string; code: string; }; }' is not assignable to parameter of type 'never'.
services/contentPagesService.slugPreservation.property.test.ts(99,51): error TS2345: Argument of type '{ data: null; error: { code: string; }; }' is not assignable to parameter of type 'never'.
services/contentPagesService.slugPreservation.property.test.ts(110,55): error TS2345: Argument of type '{ data: { id: string; title: string; slug: string; status: "draft" | "published"; created_at: string; updated_at: string; }; error: null; }' is not assignable to parameter of type 'never'.
services/contentPagesService.slugPreservation.property.test.ts(187,51): error TS2345: Argument of type '{ data: null; error: { code: string; }; }' is not assignable to parameter of type 'never'.
services/contentPagesService.slugPreservation.property.test.ts(198,55): error TS2345: Argument of type '{ data: { id: string; title: string; slug: string; status: "draft" | "published"; created_at: string; updated_at: string; }; error: null; }' is not assignable to parameter of type 'never'.
services/contentPagesService.slugPreservation.property.test.ts(258,51): error TS2345: Argument of type '{ data: null; error: { code: string; }; }' is not assignable to parameter of type 'never'.
services/contentPagesService.slugPreservation.property.test.ts(268,55): error TS2345: Argument of type '{ data: { id: string; title: string; slug: string; status: "draft" | "published"; created_at: string; updated_at: string; }; error: null; }' is not assignable to parameter of type 'never'.
services/contentPagesService.slugPreservation.property.test.ts(320,51): error TS2345: Argument of type '{ data: null; error: { code: string; }; }' is not assignable to parameter of type 'never'.
services/contentPagesService.slugPreservation.property.test.ts(330,55): error TS2345: Argument of type '{ data: { id: string; title: string; slug: string; status: string; created_at: string; updated_at: string; }; error: null; }' is not assignable to parameter of type 'never'.
services/contentPagesService.slugPreservation.property.test.ts(384,53): error TS2345: Argument of type '{ data: null; error: { code: string; }; }' is not assignable to parameter of type 'never'.
services/contentPagesService.slugPreservation.property.test.ts(394,57): error TS2345: Argument of type '{ data: { id: string; title: string; slug: string; status: "draft" | "published"; created_at: string; updated_at: string; }; error: null; }' is not assignable to parameter of type 'never'.
services/contentPagesService.test.ts(79,49): error TS2345: Argument of type '{ data: null; error: { code: string; }; }' is not assignable to parameter of type 'never'.
services/contentPagesService.test.ts(91,49): error TS2345: Argument of type '{ data: { id: string; title: string; slug: string | undefined; status: "draft" | "published"; created_at: string; updated_at: string; }; error: null; }' is not assignable to parameter of type 'never'.
services/contentPagesService.test.ts(129,49): error TS2345: Argument of type '{ data: null; error: { code: string; }; }' is not assignable to parameter of type 'never'.
services/contentPagesService.test.ts(141,49): error TS2345: Argument of type '{ data: { id: string; title: string; slug: string; status: "draft"; created_at: string; updated_at: string; }; error: null; }' is not assignable to parameter of type 'never'.
services/contentPagesService.test.ts(171,49): error TS2345: Argument of type '{ data: { id: string; }; error: null; }' is not assignable to parameter of type 'never'.
services/contentPagesService.test.ts(183,49): error TS2345: Argument of type '{ data: null; error: { code: string; }; }' is not assignable to parameter of type 'never'.
services/contentPagesService.test.ts(195,49): error TS2345: Argument of type '{ data: { id: string; title: string; slug: string; status: "draft" | "published"; created_at: string; updated_at: string; }; error: null; }' is not assignable to parameter of type 'never'.
services/contentPagesService.test.ts(256,49): error TS2345: Argument of type '{ data: null; error: { code: string; }; }' is not assignable to parameter of type 'never'.
services/contentPagesService.test.ts(268,49): error TS2345: Argument of type '{ data: null; error: { message: string; code: string; }; }' is not assignable to parameter of type 'never'.
services/contentPagesService.test.ts(303,49): error TS2345: Argument of type '{ data: null; error: { code: string; }; }' is not assignable to parameter of type 'never'.
services/contentPagesService.test.ts(315,49): error TS2345: Argument of type '{ data: { id: string; title: string; slug: string | undefined; status: "draft" | "published"; created_at: string; updated_at: string; }; error: null; }' is not assignable to parameter of type 'never'.
services/contentPagesService.test.ts(354,51): error TS2345: Argument of type '{ data: { id: string; title: string | undefined; slug: string; status: "draft" | "published" | undefined; created_at: string; updated_at: string; }; error: null; }' is not assignable to parameter of type 'never'.
services/contentPagesService.test.ts(391,51): error TS2345: Argument of type '{ data: { id: string; title: string; slug: string; status: string; created_at: string; updated_at: string; }; error: null; }' is not assignable to parameter of type 'never'.
services/contentPagesService.test.ts(435,51): error TS2345: Argument of type '{ data: null; error: { code: string; message: string; }; }' is not assignable to parameter of type 'never'.
services/contentPagesService.test.ts(457,51): error TS2345: Argument of type '{ data: null; error: { message: string; code: string; }; }' is not assignable to parameter of type 'never'.
services/contentPagesService.test.ts(492,51): error TS2345: Argument of type '{ data: { id: string; title: string; slug: string; status: string; created_at: string; updated_at: string; }; error: null; }' is not assignable to parameter of type 'never'.
services/contentPagesService.test.ts(519,45): error TS2345: Argument of type '{ data: null; error: null; }' is not assignable to parameter of type 'never'.
services/contentPagesService.test.ts(530,43): error TS2345: Argument of type '{ data: null; error: null; }' is not assignable to parameter of type 'never'.
services/contentPagesService.test.ts(545,43): error TS2345: Argument of type '{ data: null; error: null; }' is not assignable to parameter of type 'never'.
services/contentPagesService.test.ts(553,41): error TS2345: Argument of type '{ data: null; error: null; }' is not assignable to parameter of type 'never'.
services/contentPagesService.test.ts(581,45): error TS2345: Argument of type '{ data: null; error: null; }' is not assignable to parameter of type 'never'.
services/contentPagesService.test.ts(592,43): error TS2345: Argument of type '{ data: null; error: { message: string; code: string; }; }' is not assignable to parameter of type 'never'.
services/contentPagesService.test.ts(624,49): error TS2345: Argument of type '{ data: { id: string; title: string; slug: string; status: string; created_at: string; updated_at: string; }; error: null; }' is not assignable to parameter of type 'never'.
services/contentPagesService.test.ts(645,49): error TS2345: Argument of type '{ data: null; error: { code: string; message: string; }; }' is not assignable to parameter of type 'never'.
services/contentPagesService.test.ts(678,49): error TS2345: Argument of type '{ data: { id: string; title: string; slug: string; status: string; created_at: string; updated_at: string; }; error: null; }' is not assignable to parameter of type 'never'.
services/contentPagesService.test.ts(699,49): error TS2345: Argument of type '{ data: null; error: { code: string; message: string; }; }' is not assignable to parameter of type 'never'.
services/contentPagesService.test.ts(739,46): error TS2345: Argument of type '{ data: { id: string; title: string; slug: string; status: string; created_at: string; updated_at: string; }[]; error: null; }' is not assignable to parameter of type 'never'.
services/contentPagesService.test.ts(771,45): error TS2345: Argument of type '{ data: { id: string; title: string; slug: string; status: string; created_at: string; updated_at: string; }[]; error: null; }' is not assignable to parameter of type 'never'.
services/contentPagesService.test.ts(791,46): error TS2345: Argument of type '{ data: never[]; error: null; }' is not assignable to parameter of type 'never'.
services/contentPagesService.test.ts(809,46): error TS2345: Argument of type '{ data: null; error: { message: string; code: string; }; }' is not assignable to parameter of type 'never'.
services/contentPagesService.uniqueSlug.property.test.ts(82,19): error TS7022: 'mockQuery' implicitly has type 'any' because it does not have a type annotation and is referenced directly or indirectly in its own initializer.
services/contentPagesService.uniqueSlug.property.test.ts(86,52): error TS7024: Function implicitly has return type 'any' because it does not have a return type annotation and is referenced directly or indirectly in one of its return expressions.
services/contentPagesService.uniqueSlug.property.test.ts(95,23): error TS7022: 'currentSlug' implicitly has type 'any' because it does not have a type annotation and is referenced directly or indirectly in its own initializer.
services/contentPagesService.uniqueSlug.property.test.ts(96,23): error TS7022: 'existingSlug' implicitly has type 'any' because it does not have a type annotation and is referenced directly or indirectly in its own initializer.
services/contentPagesService.uniqueSlug.property.test.ts(125,60): error TS2345: Argument of type '{ data: { id: string; title: string; slug: string; status: "draft" | "published"; created_at: string; updated_at: string; }; error: null; }' is not assignable to parameter of type 'never'.
services/contentPagesService.uniqueSlug.property.test.ts(137,41): error TS2345: Argument of type '(table: string) => any' is not assignable to parameter of type 'UnknownFunction'.
  Types of parameters 'table' and 'args' are incompatible.
    Type 'unknown' is not assignable to type 'string'.
services/contentPagesService.uniqueSlug.property.test.ts(180,53): error TS2345: Argument of type '{ data: null; error: { code: string; }; }' is not assignable to parameter of type 'never'.
services/contentPagesService.uniqueSlug.property.test.ts(194,37): error TS2571: Object is of type 'unknown'.
services/contentPagesService.uniqueSlug.property.test.ts(247,39): error TS2345: Argument of type '(table: string) => any' is not assignable to parameter of type 'UnknownFunction'.
  Types of parameters 'table' and 'args' are incompatible.
    Type 'unknown' is not assignable to type 'string'.
services/contentPagesService.uniqueSlug.property.test.ts(279,55): error TS2345: Argument of type '{ data: { id: string; title: string; slug: string; status: "draft" | "published"; created_at: string; updated_at: string; }; error: null; }' is not assignable to parameter of type 'never'.
services/contentPagesService.uniqueSlug.property.test.ts(298,51): error TS2345: Argument of type '{ data: null; error: { code: string; }; }' is not assignable to parameter of type 'never'.
services/contentPagesService.uniqueSlug.property.test.ts(312,32): error TS2571: Object is of type 'unknown'.
services/contentPagesService.uniqueSlug.property.test.ts(354,49): error TS2345: Argument of type '{ data: null; error: { code: string; }; }' is not assignable to parameter of type 'never'.
services/contentPagesService.uniqueSlug.property.test.ts(357,53): error TS2345: Argument of type '{ data: { id: string; title: string; slug: string; status: "draft" | "published"; created_at: string; updated_at: string; }; error: null; }' is not assignable to parameter of type 'never'.
services/contentPagesService.uniqueSlug.property.test.ts(479,53): error TS2345: Argument of type '{ data: { id: string; title: string; slug: string; status: "draft" | "published"; created_at: string; updated_at: string; }; error: null; }' is not assignable to parameter of type 'never'.
services/contentVersionHistory.property.test.ts(44,50): error TS2345: Argument of type '{ data: { id: string; page_type: string; page_id: string; display_order: number; created_at: string; updated_at: string; }[]; error: null; }' is not assignable to parameter of type 'never'.
services/contentVersionHistory.property.test.ts(62,52): error TS2345: Argument of type '{ data: never[]; error: null; }' is not assignable to parameter of type 'never'.
services/contentVersionHistory.property.test.ts(77,53): error TS2345: Argument of type '{ data: { id: string; page_type: string; page_id: string; created_by: string | null; sections_snapshot: { id: string; page_type: string; page_id: string; display_order: number; created_at: string; updated_at: string; columns: never[]; }[]; created_at: string; }; error: null; }' is not assignable to parameter of type 'never'.
services/contentVersionHistory.property.test.ts(162,50): error TS2345: Argument of type '{ data: { id: string; page_type: string; page_id: string; display_order: number; created_at: string; updated_at: string; }[]; error: null; }' is not assignable to parameter of type 'never'.
services/contentVersionHistory.property.test.ts(180,52): error TS2345: Argument of type '{ data: never[]; error: null; }' is not assignable to parameter of type 'never'.
services/contentVersionHistory.property.test.ts(192,53): error TS2345: Argument of type '{ data: { id: string; page_type: string; page_id: string; created_by: string | null; sections_snapshot: { id: string; page_type: string; page_id: string; display_order: number; created_at: string; updated_at: string; columns: never[]; }[]; created_at: string; }; error: null; }' is not assignable to parameter of type 'never'.
services/contentVersionHistory.property.test.ts(225,50): error TS2345: Argument of type '{ data: { id: string; page_type: string; page_id: string; display_order: number; created_at: string; updated_at: string; }[]; error: null; }' is not assignable to parameter of type 'never'.
services/contentVersionHistory.property.test.ts(243,52): error TS2345: Argument of type '{ data: never[]; error: null; }' is not assignable to parameter of type 'never'.
services/contentVersionHistory.property.test.ts(255,53): error TS2345: Argument of type '{ data: { id: string; page_type: string; page_id: string; created_by: string | null; sections_snapshot: { id: string; page_type: string; page_id: string; display_order: number; created_at: string; updated_at: string; columns: never[]; }[]; created_at: string; }; error: null; }' is not assignable to parameter of type 'never'.
services/contentVersionHistory.property.test.ts(304,52): error TS2345: Argument of type '{ data: ContentVersion[]; error: null; }' is not assignable to parameter of type 'never'.
services/externalServiceGracefulDegradation.test.ts(91,27): error TS2339: Property 'data' does not exist on type 'Result<HealthCheckResult>'.
  Property 'data' does not exist on type '{ success: false; error: { code: string; message: string; details?: any; }; }'.
services/externalServiceGracefulDegradation.test.ts(103,34): error TS2554: Expected 4 arguments, but got 1.
services/externalServiceGracefulDegradation.test.ts(114,34): error TS2551: Property 'storageType' does not exist on type 'Photo'. Did you mean 'storage_type'?
services/externalServiceGracefulDegradation.test.ts(139,27): error TS2339: Property 'data' does not exist on type 'Result<HealthCheckResult>'.
  Property 'data' does not exist on type '{ success: false; error: { code: string; message: string; details?: any; }; }'.
services/externalServiceGracefulDegradation.test.ts(146,34): error TS2554: Expected 4 arguments, but got 1.
services/externalServiceGracefulDegradation.test.ts(157,34): error TS2551: Property 'storageType' does not exist on type 'Photo'. Did you mean 'storage_type'?
services/externalServiceGracefulDegradation.test.ts(230,31): error TS2554: Expected 2 arguments, but got 1.
services/externalServiceGracefulDegradation.test.ts(304,31): error TS2554: Expected 2 arguments, but got 1.
services/externalServiceGracefulDegradation.test.ts(334,34): error TS2554: Expected 4 arguments, but got 1.
services/externalServiceGracefulDegradation.test.ts(360,34): error TS2554: Expected 4 arguments, but got 1.
services/gallerySettingsPersistence.property.test.ts(42,53): error TS2345: Argument of type '{ data: { id: string; page_type: string; page_id: string; display_mode: string; photos_per_row: number | null; show_captions: boolean; autoplay_interval: number | null; transition_effect: string | null; created_at: string; updated_at: string; }; error: null; }' is not assignable to parameter of type 'never'.
services/gallerySettingsPersistence.property.test.ts(65,13): error TS2322: Type 'string' is not assignable to type '"gallery" | "carousel" | "loop"'.
services/gallerySettingsPersistence.property.test.ts(83,51): error TS2345: Argument of type '{ data: { id: string; page_type: string; page_id: string; display_mode: string; photos_per_row: number | null; show_captions: boolean; autoplay_interval: number | null; transition_effect: string | null; created_at: string; updated_at: string; }; error: null; }' is not assignable to parameter of type 'never'.
services/gallerySettingsPersistence.property.test.ts(152,53): error TS2345: Argument of type '{ data: { id: string; page_type: string; page_id: string; display_mode: string; show_captions: boolean; created_at: string; updated_at: string; }; error: null; }' is not assignable to parameter of type 'never'.
services/gallerySettingsPersistence.property.test.ts(171,13): error TS2322: Type 'string' is not assignable to type '"gallery" | "carousel" | "loop"'.
services/gallerySettingsPersistence.property.test.ts(185,53): error TS2345: Argument of type '{ data: { id: string; page_type: string; page_id: string; display_mode: string; show_captions: boolean; created_at: string; updated_at: string; }; error: null; }' is not assignable to parameter of type 'never'.
services/gallerySettingsPersistence.property.test.ts(204,13): error TS2322: Type 'string' is not assignable to type '"gallery" | "carousel" | "loop"'.
services/gallerySettingsPersistence.property.test.ts(241,51): error TS2345: Argument of type '{ data: null; error: { code: string; message: string; }; }' is not assignable to parameter of type 'never'.
services/guestService.test.ts(58,49): error TS2345: Argument of type '{ data: { id: string; group_id: string; first_name: string; last_name: string; email: string | null | undefined; phone: null; age_type: "adult" | "child" | "senior"; guest_type: string; dietary_restrictions: null; ... 11 more ...; updated_at: string; }; error: null; }' is not assignable to parameter of type 'never'.
services/guestService.test.ts(111,49): error TS2345: Argument of type '{ data: null; error: { message: string; code: string; }; }' is not assignable to parameter of type 'never'.
services/guestService.test.ts(161,49): error TS2345: Argument of type '{ data: { id: string; group_id: string; first_name: string; last_name: string; email: string | null | undefined; phone: null; age_type: "adult" | "child" | "senior"; guest_type: string; dietary_restrictions: null; ... 11 more ...; updated_at: string; }; error: null; }' is not assignable to parameter of type 'never'.
services/guestService.test.ts(212,49): error TS2345: Argument of type '{ data: { id: string; group_id: string; first_name: string; last_name: string; email: string; phone: null; age_type: string; guest_type: string; dietary_restrictions: null; plus_one_name: null; plus_one_attending: boolean; ... 9 more ...; updated_at: string; }; error: null; }' is not assignable to parameter of type 'never'.
services/guestService.test.ts(242,49): error TS2345: Argument of type '{ data: null; error: { code: string; message: string; }; }' is not assignable to parameter of type 'never'.
services/guestService.test.ts(295,51): error TS2345: Argument of type '{ data: { id: string; group_id: string; first_name: string; last_name: string; email: string; phone: null; age_type: string; guest_type: string; dietary_restrictions: null; plus_one_name: null; plus_one_attending: boolean; ... 9 more ...; updated_at: string; }; error: null; }' is not assignable to parameter of type 'never'.
services/guestService.test.ts(327,51): error TS2345: Argument of type '{ data: null; error: { code: string; message: string; }; }' is not assignable to parameter of type 'never'.
services/guestService.test.ts(378,51): error TS2345: Argument of type '{ data: { id: string; group_id: string; first_name: string; last_name: string; email: string; phone: null; age_type: string; guest_type: string; dietary_restrictions: null; plus_one_name: null; plus_one_attending: boolean; ... 9 more ...; updated_at: string; }; error: null; }' is not assignable to parameter of type 'never'.
services/guestService.test.ts(401,43): error TS2345: Argument of type '{ error: null; }' is not assignable to parameter of type 'never'.
services/guestService.test.ts(424,43): error TS2345: Argument of type '{ error: { message: string; code: string; }; }' is not assignable to parameter of type 'never'.
services/guestService.test.ts(494,50): error TS2345: Argument of type '{ data: { id: string; group_id: string; first_name: string; last_name: string; email: string; phone: null; age_type: string; guest_type: string; dietary_restrictions: null; plus_one_name: null; plus_one_attending: boolean; ... 9 more ...; updated_at: string; }[]; error: null; count: number; }' is not assignable to parameter of type 'never'.
services/guestService.test.ts(521,52): error TS2345: Argument of type '{ data: never[]; error: null; count: number; }' is not assignable to parameter of type 'never'.
services/guestService.test.ts(580,52): error TS2345: Argument of type '{ data: { id: string; group_id: string; first_name: string; last_name: string; email: string; phone: null; age_type: string; guest_type: string; dietary_restrictions: null; plus_one_name: null; plus_one_attending: boolean; ... 9 more ...; updated_at: string; }[]; error: null; count: number; }' is not assignable to parameter of type 'never'.
services/guestService.test.ts(617,52): error TS2345: Argument of type '{ data: never[]; error: null; count: number; }' is not assignable to parameter of type 'never'.
services/guestService.test.ts(675,49): error TS2345: Argument of type '{ data: { id: string; group_id: string; first_name: string; last_name: string; email: string; phone: null; age_type: string; guest_type: string; dietary_restrictions: null; plus_one_name: null; plus_one_attending: boolean; ... 9 more ...; updated_at: string; }[]; error: null; }' is not assignable to parameter of type 'never'.
services/guestService.test.ts(758,49): error TS2345: Argument of type '{ data: { id: string; group_id: string; first_name: string; last_name: string; email: string; phone: null; age_type: string; guest_type: string; dietary_restrictions: null; plus_one_name: null; plus_one_attending: boolean; ... 9 more ...; updated_at: string; }[]; error: null; }' is not assignable to parameter of type 'never'.
services/guestService.test.ts(806,49): error TS2345: Argument of type '{ data: { id: string; group_id: string; first_name: string; last_name: string; email: string; phone: null; age_type: string; guest_type: string; dietary_restrictions: null; plus_one_name: null; plus_one_attending: boolean; ... 9 more ...; updated_at: string; }[]; error: null; }' is not assignable to parameter of type 'never'.
services/guestService.test.ts(827,49): error TS2345: Argument of type '{ data: null; error: { message: string; code: string; }; }' is not assignable to parameter of type 'never'.
services/guestService.test.ts(854,43): error TS2345: Argument of type '{ error: null; count: number; }' is not assignable to parameter of type 'never'.
services/guestService.test.ts(890,43): error TS2345: Argument of type '{ error: { message: string; code: string; }; count: null; }' is not assignable to parameter of type 'never'.
services/guestService.test.ts(909,43): error TS2345: Argument of type '{ error: null; count: number; }' is not assignable to parameter of type 'never'.
services/itineraryCacheRetrieval.property.test.ts(99,59): error TS2345: Argument of type '{ guest_id: string; guest_name: string; events: { id: string; name: string; type: string; date: string; time: string; location: string | undefined; description: string | undefined; rsvp_status: string | undefined; }[]; accommodation: { ...; } | undefined; transportation: { ...; } | undefined; generated_at: string; }' is not assignable to parameter of type 'Itinerary'.
  Types of property 'events' are incompatible.
    Type '{ id: string; name: string; type: string; date: string; time: string; location: string | undefined; description: string | undefined; rsvp_status: string | undefined; }[]' is not assignable to type 'ItineraryEvent[]'.
      Type '{ id: string; name: string; type: string; date: string; time: string; location: string | undefined; description: string | undefined; rsvp_status: string | undefined; }' is not assignable to type 'ItineraryEvent'.
        Types of property 'type' are incompatible.
          Type 'string' is not assignable to type '"event" | "activity"'.
services/itineraryCacheRetrieval.property.test.ts(109,31): error TS2339: Property 'data' does not exist on type 'Result<Itinerary | null>'.
  Property 'data' does not exist on type '{ success: false; error: ErrorDetails; }'.
services/itineraryCacheRetrieval.property.test.ts(137,23): error TS2339: Property 'data' does not exist on type 'Result<Itinerary | null>'.
  Property 'data' does not exist on type '{ success: false; error: ErrorDetails; }'.
services/itineraryCacheRetrieval.property.test.ts(147,70): error TS2345: Argument of type '{ guest_id: string; guest_name: string; events: { id: string; name: string; type: string; date: string; time: string; location: string | undefined; description: string | undefined; rsvp_status: string | undefined; }[]; accommodation: { ...; } | undefined; transportation: { ...; } | undefined; generated_at: string; }' is not assignable to parameter of type 'Itinerary'.
  Types of property 'events' are incompatible.
    Type '{ id: string; name: string; type: string; date: string; time: string; location: string | undefined; description: string | undefined; rsvp_status: string | undefined; }[]' is not assignable to type 'ItineraryEvent[]'.
      Type '{ id: string; name: string; type: string; date: string; time: string; location: string | undefined; description: string | undefined; rsvp_status: string | undefined; }' is not assignable to type 'ItineraryEvent'.
        Types of property 'type' are incompatible.
          Type 'string' is not assignable to type '"event" | "activity"'.
services/itineraryCacheRetrieval.property.test.ts(154,31): error TS2339: Property 'data' does not exist on type 'Result<Itinerary | null>'.
  Property 'data' does not exist on type '{ success: false; error: ErrorDetails; }'.
services/itineraryCacheRetrieval.property.test.ts(221,58): error TS2345: Argument of type '{ guest_id: string; guest_name: string; events: { id: string; name: string; type: string; date: string; time: string; location: string | undefined; description: string | undefined; rsvp_status: string | undefined; }[]; accommodation: { ...; } | undefined; transportation: { ...; } | undefined; generated_at: string; }' is not assignable to parameter of type 'Itinerary'.
  Types of property 'events' are incompatible.
    Type '{ id: string; name: string; type: string; date: string; time: string; location: string | undefined; description: string | undefined; rsvp_status: string | undefined; }[]' is not assignable to type 'ItineraryEvent[]'.
      Type '{ id: string; name: string; type: string; date: string; time: string; location: string | undefined; description: string | undefined; rsvp_status: string | undefined; }' is not assignable to type 'ItineraryEvent'.
        Types of property 'type' are incompatible.
          Type 'string' is not assignable to type '"event" | "activity"'.
services/itineraryCacheRetrieval.property.test.ts(229,27): error TS2339: Property 'data' does not exist on type 'Result<Itinerary | null>'.
  Property 'data' does not exist on type '{ success: false; error: ErrorDetails; }'.
services/itineraryCacheRetrieval.property.test.ts(254,62): error TS2345: Argument of type '{ guest_id: string; guest_name: string; events: { id: string; name: string; type: string; date: string; time: string; location: string | undefined; description: string | undefined; rsvp_status: string | undefined; }[]; accommodation: { ...; } | undefined; transportation: { ...; } | undefined; generated_at: string; }' is not assignable to parameter of type 'Itinerary'.
  Types of property 'events' are incompatible.
    Type '{ id: string; name: string; type: string; date: string; time: string; location: string | undefined; description: string | undefined; rsvp_status: string | undefined; }[]' is not assignable to type 'ItineraryEvent[]'.
      Type '{ id: string; name: string; type: string; date: string; time: string; location: string | undefined; description: string | undefined; rsvp_status: string | undefined; }' is not assignable to type 'ItineraryEvent'.
        Types of property 'type' are incompatible.
          Type 'string' is not assignable to type '"event" | "activity"'.
services/itineraryCacheRetrieval.property.test.ts(258,62): error TS2345: Argument of type '{ guest_id: string; guest_name: string; events: { id: string; name: string; type: string; date: string; time: string; location: string | undefined; description: string | undefined; rsvp_status: string | undefined; }[]; accommodation: { ...; } | undefined; transportation: { ...; } | undefined; generated_at: string; }' is not assignable to parameter of type 'Itinerary'.
  Types of property 'events' are incompatible.
    Type '{ id: string; name: string; type: string; date: string; time: string; location: string | undefined; description: string | undefined; rsvp_status: string | undefined; }[]' is not assignable to type 'ItineraryEvent[]'.
      Type '{ id: string; name: string; type: string; date: string; time: string; location: string | undefined; description: string | undefined; rsvp_status: string | undefined; }' is not assignable to type 'ItineraryEvent'.
        Types of property 'type' are incompatible.
          Type 'string' is not assignable to type '"event" | "activity"'.
services/itineraryCacheRetrieval.property.test.ts(266,33): error TS2339: Property 'data' does not exist on type 'Result<Itinerary | null>'.
  Property 'data' does not exist on type '{ success: false; error: ErrorDetails; }'.
services/rsvpReminderService.test.ts(272,11): error TS1117: An object literal cannot have multiple properties with the same name.
services/rsvpReminderService.test.ts(273,11): error TS1117: An object literal cannot have multiple properties with the same name.
services/sectionReferenceValidation.property.test.ts(48,55): error TS2345: Argument of type '{ data: { id: string; } | null; error: { code: string; message: string; } | null; }' is not assignable to parameter of type 'never'.
services/sectionReferenceValidation.property.test.ts(115,55): error TS2345: Argument of type '{ data: { id: string; }; error: null; }' is not assignable to parameter of type 'never'.
services/sectionReferenceValidation.property.test.ts(176,55): error TS2345: Argument of type '{ data: { id: string; }; error: null; }' is not assignable to parameter of type 'never'.
services/sectionReferenceValidation.property.test.ts(193,53): error TS2345: Argument of type '{ data: null; error: { code: string; message: string; }; }' is not assignable to parameter of type 'never'.
services/sectionsService.brokenReferenceDetection.property.test.ts(55,55): error TS2345: Argument of type '{ data: { id: string; } | null; error: { code: string; message: string; } | null; }' is not assignable to parameter of type 'never'.
services/sectionsService.brokenReferenceDetection.property.test.ts(128,55): error TS2345: Argument of type '{ data: { id: string; }; error: null; }' is not assignable to parameter of type 'never'.
services/sectionsService.brokenReferenceDetection.property.test.ts(142,55): error TS2345: Argument of type '{ data: null; error: { code: string; message: string; }; }' is not assignable to parameter of type 'never'.
services/sectionsService.brokenReferenceDetection.property.test.ts(206,53): error TS2345: Argument of type '{ data: { id: string; } | null; error: { code: string; message: string; } | null; }' is not assignable to parameter of type 'never'.
services/sectionsService.brokenReferenceDetection.property.test.ts(259,55): error TS2345: Argument of type '{ data: { id: string; }; error: null; }' is not assignable to parameter of type 'never'.
services/sectionsService.brokenReferenceDetection.property.test.ts(318,53): error TS2345: Argument of type '{ data: null; error: { code: string; message: string; }; }' is not assignable to parameter of type 'never'.
services/sectionsService.brokenReferenceDetection.property.test.ts(378,55): error TS2345: Argument of type '{ data: { id: string; }; error: null; }' is not assignable to parameter of type 'never'.
services/sectionsService.brokenReferenceDetection.property.test.ts(392,55): error TS2345: Argument of type '{ data: null; error: { code: string; message: string; }; }' is not assignable to parameter of type 'never'.
services/sectionsService.circularReferenceDetectionAPI.property.test.ts(68,51): error TS2345: Argument of type '{ data: { id: string; }[]; error: null; }' is not assignable to parameter of type 'never'.
services/sectionsService.circularReferenceDetectionAPI.property.test.ts(80,51): error TS2345: Argument of type '{ data: { section_id: string; content_type: string; content_data: { references: { type: string; id: string; }[]; }; }[]; error: null; }' is not assignable to parameter of type 'never'.
services/sectionsService.circularReferenceDetectionAPI.property.test.ts(118,51): error TS2345: Argument of type '{ data: { id: string; }[]; error: null; }' is not assignable to parameter of type 'never'.
services/sectionsService.circularReferenceDetectionAPI.property.test.ts(130,51): error TS2345: Argument of type '{ data: { section_id: string; content_type: string; content_data: { references: { type: string; id: string; }[]; }; }[]; error: null; }' is not assignable to parameter of type 'never'.
services/sectionsService.circularReferenceDetectionAPI.property.test.ts(151,51): error TS2345: Argument of type '{ data: { id: string; }[]; error: null; }' is not assignable to parameter of type 'never'.
services/sectionsService.circularReferenceDetectionAPI.property.test.ts(163,51): error TS2345: Argument of type '{ data: { section_id: string; content_type: string; content_data: { references: { type: string; id: string; }[]; }; }[]; error: null; }' is not assignable to parameter of type 'never'.
services/sectionsService.circularReferenceDetectionAPI.property.test.ts(257,49): error TS2345: Argument of type '{ data: { id: string; }[]; error: null; }' is not assignable to parameter of type 'never'.
services/sectionsService.circularReferenceDetectionAPI.property.test.ts(269,49): error TS2345: Argument of type '{ data: { section_id: string; content_type: string; content_data: { references: { type: string; id: string; }[]; }; }[]; error: null; }' is not assignable to parameter of type 'never'.
services/sectionsService.circularReferenceDetectionAPI.property.test.ts(290,49): error TS2345: Argument of type '{ data: { id: string; }[]; error: null; }' is not assignable to parameter of type 'never'.
services/sectionsService.circularReferenceDetectionAPI.property.test.ts(302,49): error TS2345: Argument of type '{ data: never[]; error: null; }' is not assignable to parameter of type 'never'.
services/sectionsService.circularReferenceDetectionAPI.property.test.ts(361,51): error TS2345: Argument of type '{ data: { id: string; }[]; error: null; }' is not assignable to parameter of type 'never'.
services/sectionsService.circularReferenceDetectionAPI.property.test.ts(373,51): error TS2345: Argument of type '{ data: { section_id: string; content_type: string; content_data: { references: { type: string; id: string; }[]; }; }[]; error: null; }' is not assignable to parameter of type 'never'.
services/sectionsService.circularReferenceDetectionAPI.property.test.ts(417,51): error TS2345: Argument of type '{ data: { id: string; }[]; error: null; }' is not assignable to parameter of type 'never'.
services/sectionsService.circularReferenceDetectionAPI.property.test.ts(429,51): error TS2345: Argument of type '{ data: never[]; error: null; }' is not assignable to parameter of type 'never'.
services/sectionsService.circularReferenceDetectionAPI.property.test.ts(441,51): error TS2345: Argument of type '{ data: { id: string; }[]; error: null; }' is not assignable to parameter of type 'never'.
services/sectionsService.circularReferenceDetectionAPI.property.test.ts(453,51): error TS2345: Argument of type '{ data: { section_id: string; content_type: string; content_data: { references: { type: string; id: string; }[]; }; }[]; error: null; }' is not assignable to parameter of type 'never'.
services/sectionsService.referenceValidation.property.test.ts(55,55): error TS2345: Argument of type '{ data: { id: string; } | null; error: { code: string; message: string; } | null; }' is not assignable to parameter of type 'never'.
services/sectionsService.referenceValidation.property.test.ts(124,55): error TS2345: Argument of type '{ data: { id: string; }; error: null; }' is not assignable to parameter of type 'never'.
services/sectionsService.referenceValidation.property.test.ts(192,55): error TS2345: Argument of type '{ data: { id: string; }; error: null; }' is not assignable to parameter of type 'never'.
services/sectionsService.referenceValidation.property.test.ts(212,55): error TS2345: Argument of type '{ data: null; error: { code: string; message: string; }; }' is not assignable to parameter of type 'never'.
services/sectionsService.referenceValidation.property.test.ts(281,53): error TS2345: Argument of type '{ data: { id: string; }; error: null; }' is not assignable to parameter of type 'never'.
services/sectionsService.referenceValidationAPI.property.test.ts(54,55): error TS2345: Argument of type '{ data: { id: string; } | null; error: { code: string; message: string; } | null; }' is not assignable to parameter of type 'never'.
services/sectionsService.referenceValidationAPI.property.test.ts(117,55): error TS2345: Argument of type '{ data: { id: string; }; error: null; }' is not assignable to parameter of type 'never'.
services/sectionsService.referenceValidationAPI.property.test.ts(178,55): error TS2345: Argument of type '{ data: { id: string; }; error: null; }' is not assignable to parameter of type 'never'.
services/sectionsService.referenceValidationAPI.property.test.ts(192,55): error TS2345: Argument of type '{ data: null; error: { code: string; message: string; }; }' is not assignable to parameter of type 'never'.
services/sectionsService.referenceValidationAPI.property.test.ts(260,53): error TS2345: Argument of type '{ data: { id: string; }; error: null; }' is not assignable to parameter of type 'never'.
services/sectionsService.referenceValidationAPI.property.test.ts(299,55): error TS2345: Argument of type '{ data: null; error: { code: string; message: string; }; }' is not assignable to parameter of type 'never'.
services/sectionsService.referenceValidationAPI.property.test.ts(387,55): error TS2345: Argument of type '{ data: { id: string; } | null; error: { code: string; message: string; } | null; }' is not assignable to parameter of type 'never'.
services/sectionsService.referenceValidationAPI.property.test.ts(409,55): error TS2345: Argument of type '{ data: { id: string; } | null; error: { code: string; message: string; } | null; }' is not assignable to parameter of type 'never'.
services/test-mock.test.ts(24,44): error TS2345: Argument of type '{ data: never[]; error: null; }' is not assignable to parameter of type 'never'.
services/test-mock.test.ts(35,46): error TS2345: Argument of type '{ data: never[]; error: null; }' is not assignable to parameter of type 'never'.
utils/fileValidation.test.ts(46,3): error TS2416: Property 'stream' in type 'MockFile' is not assignable to the same property in base type 'File'.
  Type '() => ReadableStream<Uint8Array<ArrayBufferLike>>' is not assignable to type '() => ReadableStream<Uint8Array<ArrayBuffer>>'.
    Type 'ReadableStream<Uint8Array<ArrayBufferLike>>' is not assignable to type 'ReadableStream<Uint8Array<ArrayBuffer>>'.
      Type 'Uint8Array<ArrayBufferLike>' is not assignable to type 'Uint8Array<ArrayBuffer>'.
        Type 'ArrayBufferLike' is not assignable to type 'ArrayBuffer'.
          Type 'SharedArrayBuffer' is missing the following properties from type 'ArrayBuffer': resizable, resize, detached, transfer, transferToFixedLength
utils/fileValidation.test.ts(58,41): error TS2345: Argument of type 'MockFile' is not assignable to parameter of type 'File'.
  Property 'bytes' is missing in type 'MockFile' but required in type 'File'.
utils/fileValidation.test.ts(76,41): error TS2345: Argument of type 'MockFile' is not assignable to parameter of type 'File'.
  Property 'bytes' is missing in type 'MockFile' but required in type 'File'.
utils/fileValidation.test.ts(92,41): error TS2345: Argument of type 'MockFile' is not assignable to parameter of type 'File'.
  Property 'bytes' is missing in type 'MockFile' but required in type 'File'.
utils/fileValidation.test.ts(108,41): error TS2345: Argument of type 'MockFile' is not assignable to parameter of type 'File'.
  Property 'bytes' is missing in type 'MockFile' but required in type 'File'.
utils/fileValidation.test.ts(121,41): error TS2345: Argument of type 'MockFile' is not assignable to parameter of type 'File'.
  Property 'bytes' is missing in type 'MockFile' but required in type 'File'.
utils/fileValidation.test.ts(134,41): error TS2345: Argument of type 'MockFile' is not assignable to parameter of type 'File'.
  Property 'bytes' is missing in type 'MockFile' but required in type 'File'.
utils/fileValidation.test.ts(149,41): error TS2345: Argument of type 'MockFile' is not assignable to parameter of type 'File'.
  Property 'bytes' is missing in type 'MockFile' but required in type 'File'.
utils/fileValidation.test.ts(168,42): error TS2345: Argument of type 'MockFile[]' is not assignable to parameter of type 'File[]'.
  Property 'bytes' is missing in type 'MockFile' but required in type 'File'.
utils/fileValidation.test.ts(184,42): error TS2345: Argument of type 'MockFile[]' is not assignable to parameter of type 'File[]'.
  Property 'bytes' is missing in type 'MockFile' but required in type 'File'.
